INFO - 2024-01-11 05:40:29 --> Session: Class initialized using 'CodeIgniter\Session\Handlers\FileHandler' driver.
INFO - 2024-01-11 05:42:15 --> Session: Class initialized using 'CodeIgniter\Session\Handlers\FileHandler' driver.
CRITICAL - 2024-01-11 12:42:15 --> Undefined array key 0
in APPPATH\Views\templates\sidebar.php on line 14.
 1 APPPATH\Views\templates\sidebar.php(14): CodeIgniter\Debug\Exceptions->errorHandler(2, 'Undefined array key 0', 'C:\\xampp\\htdocs\\koprasi-mahasiswa\\app\\Views\\templates\\sidebar.php', 14)
 2 SYSTEMPATH\View\View.php(226): include('C:\\xampp\\htdocs\\koprasi-mahasiswa\\app\\Views\\templates\\sidebar.php')
 3 SYSTEMPATH\View\View.php(229): CodeIgniter\View\View->CodeIgniter\View\{closure}()
 4 SYSTEMPATH\View\View.php(467): CodeIgniter\View\View->render('templates/sidebar', null, true)
 5 APPPATH\Views\templates\template.php(60): CodeIgniter\View\View->include('templates/sidebar')
 6 SYSTEMPATH\View\View.php(226): include('C:\\xampp\\htdocs\\koprasi-mahasiswa\\app\\Views\\templates\\template.php')
 7 SYSTEMPATH\View\View.php(229): CodeIgniter\View\View->CodeIgniter\View\{closure}()
 8 SYSTEMPATH\View\View.php(242): CodeIgniter\View\View->render('templates/template', [], true)
 9 SYSTEMPATH\Common.php(1188): CodeIgniter\View\View->render('sale/addSale', [], true)
10 APPPATH\Controllers\Sale.php(108): view('sale/addSale', [...])
11 SYSTEMPATH\CodeIgniter.php(919): App\Controllers\Sale->transaction()
12 SYSTEMPATH\CodeIgniter.php(494): CodeIgniter\CodeIgniter->runController(Object(App\Controllers\Sale))
13 SYSTEMPATH\CodeIgniter.php(353): CodeIgniter\CodeIgniter->handleRequest(null, Object(Config\Cache), false)
14 FCPATH\index.php(79): CodeIgniter\CodeIgniter->run()
INFO - 2024-01-11 05:42:46 --> Session: Class initialized using 'CodeIgniter\Session\Handlers\FileHandler' driver.
INFO - 2024-01-11 05:55:20 --> Session: Class initialized using 'CodeIgniter\Session\Handlers\FileHandler' driver.
INFO - 2024-01-11 05:55:21 --> Session: Class initialized using 'CodeIgniter\Session\Handlers\FileHandler' driver.
INFO - 2024-01-11 05:55:25 --> Session: Class initialized using 'CodeIgniter\Session\Handlers\FileHandler' driver.
