CRITICAL - 2023-10-15 08:50:46 --> Invalid file: "tampil_data/$data.php"
in SYSTEMPATH\Exceptions\FrameworkException.php on line 39.
 1 SYSTEMPATH\View\View.php(214): CodeIgniter\Exceptions\FrameworkException::forInvalidFile('tampil_data/$data.php')
 2 SYSTEMPATH\Common.php(1188): CodeIgniter\View\View->render('tampil_data/$data', [], true)
 3 APPPATH\Controllers\Mahasiswa.php(16): view('tampil_data/$data')
 4 SYSTEMPATH\CodeIgniter.php(919): App\Controllers\Mahasiswa->tampil_mahasiswa()
 5 SYSTEMPATH\CodeIgniter.php(494): CodeIgniter\CodeIgniter->runController(Object(App\Controllers\Mahasiswa))
 6 SYSTEMPATH\CodeIgniter.php(353): CodeIgniter\CodeIgniter->handleRequest(null, Object(Config\Cache), false)
 7 FCPATH\index.php(79): CodeIgniter\CodeIgniter->run()
CRITICAL - 2023-10-15 08:51:26 --> Call to undefined method CodeIgniter\View\View::extends()
in APPPATH\Views\tampil_data.php on line 1.
 1 SYSTEMPATH\View\View.php(226): include()
 2 SYSTEMPATH\View\View.php(229): CodeIgniter\View\View->CodeIgniter\View\{closure}()
 3 SYSTEMPATH\Common.php(1188): CodeIgniter\View\View->render('tampil_data', [], true)
 4 APPPATH\Controllers\Mahasiswa.php(16): view('tampil_data', [...])
 5 SYSTEMPATH\CodeIgniter.php(919): App\Controllers\Mahasiswa->tampil_mahasiswa()
 6 SYSTEMPATH\CodeIgniter.php(494): CodeIgniter\CodeIgniter->runController(Object(App\Controllers\Mahasiswa))
 7 SYSTEMPATH\CodeIgniter.php(353): CodeIgniter\CodeIgniter->handleRequest(null, Object(Config\Cache), false)
 8 FCPATH\index.php(79): CodeIgniter\CodeIgniter->run()
CRITICAL - 2023-10-15 08:52:47 --> Call to undefined method CodeIgniter\View\View::extends()
in APPPATH\Views\tampil_data.php on line 1.
 1 SYSTEMPATH\View\View.php(226): include()
 2 SYSTEMPATH\View\View.php(229): CodeIgniter\View\View->CodeIgniter\View\{closure}()
 3 SYSTEMPATH\Common.php(1188): CodeIgniter\View\View->render('tampil_data', [], true)
 4 APPPATH\Controllers\Mahasiswa.php(16): view('tampil_data', [...])
 5 SYSTEMPATH\CodeIgniter.php(919): App\Controllers\Mahasiswa->tampil_mahasiswa()
 6 SYSTEMPATH\CodeIgniter.php(494): CodeIgniter\CodeIgniter->runController(Object(App\Controllers\Mahasiswa))
 7 SYSTEMPATH\CodeIgniter.php(353): CodeIgniter\CodeIgniter->handleRequest(null, Object(Config\Cache), false)
 8 FCPATH\index.php(79): CodeIgniter\CodeIgniter->run()
CRITICAL - 2023-10-15 08:52:48 --> Call to undefined method CodeIgniter\View\View::extends()
in APPPATH\Views\tampil_data.php on line 1.
 1 SYSTEMPATH\View\View.php(226): include()
 2 SYSTEMPATH\View\View.php(229): CodeIgniter\View\View->CodeIgniter\View\{closure}()
 3 SYSTEMPATH\Common.php(1188): CodeIgniter\View\View->render('tampil_data', [], true)
 4 APPPATH\Controllers\Mahasiswa.php(16): view('tampil_data', [...])
 5 SYSTEMPATH\CodeIgniter.php(919): App\Controllers\Mahasiswa->tampil_mahasiswa()
 6 SYSTEMPATH\CodeIgniter.php(494): CodeIgniter\CodeIgniter->runController(Object(App\Controllers\Mahasiswa))
 7 SYSTEMPATH\CodeIgniter.php(353): CodeIgniter\CodeIgniter->handleRequest(null, Object(Config\Cache), false)
 8 FCPATH\index.php(79): CodeIgniter\CodeIgniter->run()
CRITICAL - 2023-10-15 08:52:52 --> Call to undefined method CodeIgniter\View\View::extends()
in APPPATH\Views\tampil_data.php on line 1.
 1 SYSTEMPATH\View\View.php(226): include()
 2 SYSTEMPATH\View\View.php(229): CodeIgniter\View\View->CodeIgniter\View\{closure}()
 3 SYSTEMPATH\Common.php(1188): CodeIgniter\View\View->render('tampil_data', [], true)
 4 APPPATH\Controllers\Mahasiswa.php(16): view('tampil_data', [...])
 5 SYSTEMPATH\CodeIgniter.php(919): App\Controllers\Mahasiswa->tampil_mahasiswa()
 6 SYSTEMPATH\CodeIgniter.php(494): CodeIgniter\CodeIgniter->runController(Object(App\Controllers\Mahasiswa))
 7 SYSTEMPATH\CodeIgniter.php(353): CodeIgniter\CodeIgniter->handleRequest(null, Object(Config\Cache), false)
 8 FCPATH\index.php(79): CodeIgniter\CodeIgniter->run()
