ERROR - 2023-10-19 06:41:35 --> Error connecting to the database: mysqli_sql_exception: Access denied for user 'root'@'localhost' (using password: YES) in D:\2023\latihanci4_YonArifin\system\Database\MySQLi\Connection.php:185
Stack trace:
#0 D:\2023\latihanci4_YonArifin\system\Database\MySQLi\Connection.php(185): mysqli->real_connect('localhost', 'root', 'root', 'db_latihanCI', 3306, '', 0)
#1 D:\2023\latihanci4_YonArifin\system\Database\BaseConnection.php(391): CodeIgniter\Database\MySQLi\Connection->connect(false)
#2 D:\2023\latihanci4_YonArifin\system\Database\BaseConnection.php(574): CodeIgniter\Database\BaseConnection->initialize()
#3 D:\2023\latihanci4_YonArifin\system\Database\BaseBuilder.php(1615): CodeIgniter\Database\BaseConnection->query('SELECT *\nFROM `...', Array, false)
#4 D:\2023\latihanci4_YonArifin\system\Model.php(237): CodeIgniter\Database\BaseBuilder->get()
#5 D:\2023\latihanci4_YonArifin\system\BaseModel.php(624): CodeIgniter\Model->doFindAll(0, 0)
#6 D:\2023\latihanci4_YonArifin\app\Controllers\Mahasiswa.php(22): CodeIgniter\BaseModel->findAll()
#7 D:\2023\latihanci4_YonArifin\system\CodeIgniter.php(919): App\Controllers\Mahasiswa->tampil_mahasiswa()
#8 D:\2023\latihanci4_YonArifin\system\CodeIgniter.php(494): CodeIgniter\CodeIgniter->runController(Object(App\Controllers\Mahasiswa))
#9 D:\2023\latihanci4_YonArifin\system\CodeIgniter.php(353): CodeIgniter\CodeIgniter->handleRequest(NULL, Object(Config\Cache), false)
#10 D:\2023\latihanci4_YonArifin\public\index.php(79): CodeIgniter\CodeIgniter->run()
#11 {main}

Next CodeIgniter\Database\Exceptions\DatabaseException: Access denied for user '****'@'localhost' (using password: YES) in D:\2023\latihanci4_YonArifin\system\Database\MySQLi\Connection.php:229
Stack trace:
#0 D:\2023\latihanci4_YonArifin\system\Database\BaseConnection.php(391): CodeIgniter\Database\MySQLi\Connection->connect(false)
#1 D:\2023\latihanci4_YonArifin\system\Database\BaseConnection.php(574): CodeIgniter\Database\BaseConnection->initialize()
#2 D:\2023\latihanci4_YonArifin\system\Database\BaseBuilder.php(1615): CodeIgniter\Database\BaseConnection->query('SELECT *\nFROM `...', Array, false)
#3 D:\2023\latihanci4_YonArifin\system\Model.php(237): CodeIgniter\Database\BaseBuilder->get()
#4 D:\2023\latihanci4_YonArifin\system\BaseModel.php(624): CodeIgniter\Model->doFindAll(0, 0)
#5 D:\2023\latihanci4_YonArifin\app\Controllers\Mahasiswa.php(22): CodeIgniter\BaseModel->findAll()
#6 D:\2023\latihanci4_YonArifin\system\CodeIgniter.php(919): App\Controllers\Mahasiswa->tampil_mahasiswa()
#7 D:\2023\latihanci4_YonArifin\system\CodeIgniter.php(494): CodeIgniter\CodeIgniter->runController(Object(App\Controllers\Mahasiswa))
#8 D:\2023\latihanci4_YonArifin\system\CodeIgniter.php(353): CodeIgniter\CodeIgniter->handleRequest(NULL, Object(Config\Cache), false)
#9 D:\2023\latihanci4_YonArifin\public\index.php(79): CodeIgniter\CodeIgniter->run()
#10 {main}
CRITICAL - 2023-10-19 06:41:35 --> Unable to connect to the database.
Main connection [MySQLi]: Access denied for user '****'@'localhost' (using password: YES)
in SYSTEMPATH\Database\BaseConnection.php on line 427.
 1 SYSTEMPATH\Database\BaseConnection.php(574): CodeIgniter\Database\BaseConnection->initialize()
 2 SYSTEMPATH\Database\BaseBuilder.php(1615): CodeIgniter\Database\BaseConnection->query('SELECT *
FROM `tbl_mahasiswa`', [], false)
 3 SYSTEMPATH\Model.php(237): CodeIgniter\Database\BaseBuilder->get()
 4 SYSTEMPATH\BaseModel.php(624): CodeIgniter\Model->doFindAll(0, 0)
 5 APPPATH\Controllers\Mahasiswa.php(22): CodeIgniter\BaseModel->findAll()
 6 SYSTEMPATH\CodeIgniter.php(919): App\Controllers\Mahasiswa->tampil_mahasiswa()
 7 SYSTEMPATH\CodeIgniter.php(494): CodeIgniter\CodeIgniter->runController(Object(App\Controllers\Mahasiswa))
 8 SYSTEMPATH\CodeIgniter.php(353): CodeIgniter\CodeIgniter->handleRequest(null, Object(Config\Cache), false)
 9 FCPATH\index.php(79): CodeIgniter\CodeIgniter->run()
ERROR - 2023-10-19 06:42:45 --> Error connecting to the database: mysqli_sql_exception: Access denied for user 'root'@'localhost' (using password: YES) in D:\2023\latihanci4_YonArifin\system\Database\MySQLi\Connection.php:185
Stack trace:
#0 D:\2023\latihanci4_YonArifin\system\Database\MySQLi\Connection.php(185): mysqli->real_connect('localhost', 'root', 'root', 'db_latihanci', 3306, '', 0)
#1 D:\2023\latihanci4_YonArifin\system\Database\BaseConnection.php(391): CodeIgniter\Database\MySQLi\Connection->connect(false)
#2 D:\2023\latihanci4_YonArifin\system\Database\BaseConnection.php(574): CodeIgniter\Database\BaseConnection->initialize()
#3 D:\2023\latihanci4_YonArifin\system\Database\BaseBuilder.php(1615): CodeIgniter\Database\BaseConnection->query('SELECT *\nFROM `...', Array, false)
#4 D:\2023\latihanci4_YonArifin\system\Model.php(237): CodeIgniter\Database\BaseBuilder->get()
#5 D:\2023\latihanci4_YonArifin\system\BaseModel.php(624): CodeIgniter\Model->doFindAll(0, 0)
#6 D:\2023\latihanci4_YonArifin\app\Controllers\Mahasiswa.php(22): CodeIgniter\BaseModel->findAll()
#7 D:\2023\latihanci4_YonArifin\system\CodeIgniter.php(919): App\Controllers\Mahasiswa->tampil_mahasiswa()
#8 D:\2023\latihanci4_YonArifin\system\CodeIgniter.php(494): CodeIgniter\CodeIgniter->runController(Object(App\Controllers\Mahasiswa))
#9 D:\2023\latihanci4_YonArifin\system\CodeIgniter.php(353): CodeIgniter\CodeIgniter->handleRequest(NULL, Object(Config\Cache), false)
#10 D:\2023\latihanci4_YonArifin\public\index.php(79): CodeIgniter\CodeIgniter->run()
#11 {main}

Next CodeIgniter\Database\Exceptions\DatabaseException: Access denied for user '****'@'localhost' (using password: YES) in D:\2023\latihanci4_YonArifin\system\Database\MySQLi\Connection.php:229
Stack trace:
#0 D:\2023\latihanci4_YonArifin\system\Database\BaseConnection.php(391): CodeIgniter\Database\MySQLi\Connection->connect(false)
#1 D:\2023\latihanci4_YonArifin\system\Database\BaseConnection.php(574): CodeIgniter\Database\BaseConnection->initialize()
#2 D:\2023\latihanci4_YonArifin\system\Database\BaseBuilder.php(1615): CodeIgniter\Database\BaseConnection->query('SELECT *\nFROM `...', Array, false)
#3 D:\2023\latihanci4_YonArifin\system\Model.php(237): CodeIgniter\Database\BaseBuilder->get()
#4 D:\2023\latihanci4_YonArifin\system\BaseModel.php(624): CodeIgniter\Model->doFindAll(0, 0)
#5 D:\2023\latihanci4_YonArifin\app\Controllers\Mahasiswa.php(22): CodeIgniter\BaseModel->findAll()
#6 D:\2023\latihanci4_YonArifin\system\CodeIgniter.php(919): App\Controllers\Mahasiswa->tampil_mahasiswa()
#7 D:\2023\latihanci4_YonArifin\system\CodeIgniter.php(494): CodeIgniter\CodeIgniter->runController(Object(App\Controllers\Mahasiswa))
#8 D:\2023\latihanci4_YonArifin\system\CodeIgniter.php(353): CodeIgniter\CodeIgniter->handleRequest(NULL, Object(Config\Cache), false)
#9 D:\2023\latihanci4_YonArifin\public\index.php(79): CodeIgniter\CodeIgniter->run()
#10 {main}
CRITICAL - 2023-10-19 06:42:45 --> Unable to connect to the database.
Main connection [MySQLi]: Access denied for user '****'@'localhost' (using password: YES)
in SYSTEMPATH\Database\BaseConnection.php on line 427.
 1 SYSTEMPATH\Database\BaseConnection.php(574): CodeIgniter\Database\BaseConnection->initialize()
 2 SYSTEMPATH\Database\BaseBuilder.php(1615): CodeIgniter\Database\BaseConnection->query('SELECT *
FROM `tbl_mahasiswa`', [], false)
 3 SYSTEMPATH\Model.php(237): CodeIgniter\Database\BaseBuilder->get()
 4 SYSTEMPATH\BaseModel.php(624): CodeIgniter\Model->doFindAll(0, 0)
 5 APPPATH\Controllers\Mahasiswa.php(22): CodeIgniter\BaseModel->findAll()
 6 SYSTEMPATH\CodeIgniter.php(919): App\Controllers\Mahasiswa->tampil_mahasiswa()
 7 SYSTEMPATH\CodeIgniter.php(494): CodeIgniter\CodeIgniter->runController(Object(App\Controllers\Mahasiswa))
 8 SYSTEMPATH\CodeIgniter.php(353): CodeIgniter\CodeIgniter->handleRequest(null, Object(Config\Cache), false)
 9 FCPATH\index.php(79): CodeIgniter\CodeIgniter->run()
ERROR - 2023-10-19 06:42:46 --> Error connecting to the database: mysqli_sql_exception: Access denied for user 'root'@'localhost' (using password: YES) in D:\2023\latihanci4_YonArifin\system\Database\MySQLi\Connection.php:185
Stack trace:
#0 D:\2023\latihanci4_YonArifin\system\Database\MySQLi\Connection.php(185): mysqli->real_connect('localhost', 'root', 'root', 'db_latihanci', 3306, '', 0)
#1 D:\2023\latihanci4_YonArifin\system\Database\BaseConnection.php(391): CodeIgniter\Database\MySQLi\Connection->connect(false)
#2 D:\2023\latihanci4_YonArifin\system\Database\BaseConnection.php(574): CodeIgniter\Database\BaseConnection->initialize()
#3 D:\2023\latihanci4_YonArifin\system\Database\BaseBuilder.php(1615): CodeIgniter\Database\BaseConnection->query('SELECT *\nFROM `...', Array, false)
#4 D:\2023\latihanci4_YonArifin\system\Model.php(237): CodeIgniter\Database\BaseBuilder->get()
#5 D:\2023\latihanci4_YonArifin\system\BaseModel.php(624): CodeIgniter\Model->doFindAll(0, 0)
#6 D:\2023\latihanci4_YonArifin\app\Controllers\Mahasiswa.php(22): CodeIgniter\BaseModel->findAll()
#7 D:\2023\latihanci4_YonArifin\system\CodeIgniter.php(919): App\Controllers\Mahasiswa->tampil_mahasiswa()
#8 D:\2023\latihanci4_YonArifin\system\CodeIgniter.php(494): CodeIgniter\CodeIgniter->runController(Object(App\Controllers\Mahasiswa))
#9 D:\2023\latihanci4_YonArifin\system\CodeIgniter.php(353): CodeIgniter\CodeIgniter->handleRequest(NULL, Object(Config\Cache), false)
#10 D:\2023\latihanci4_YonArifin\public\index.php(79): CodeIgniter\CodeIgniter->run()
#11 {main}

Next CodeIgniter\Database\Exceptions\DatabaseException: Access denied for user '****'@'localhost' (using password: YES) in D:\2023\latihanci4_YonArifin\system\Database\MySQLi\Connection.php:229
Stack trace:
#0 D:\2023\latihanci4_YonArifin\system\Database\BaseConnection.php(391): CodeIgniter\Database\MySQLi\Connection->connect(false)
#1 D:\2023\latihanci4_YonArifin\system\Database\BaseConnection.php(574): CodeIgniter\Database\BaseConnection->initialize()
#2 D:\2023\latihanci4_YonArifin\system\Database\BaseBuilder.php(1615): CodeIgniter\Database\BaseConnection->query('SELECT *\nFROM `...', Array, false)
#3 D:\2023\latihanci4_YonArifin\system\Model.php(237): CodeIgniter\Database\BaseBuilder->get()
#4 D:\2023\latihanci4_YonArifin\system\BaseModel.php(624): CodeIgniter\Model->doFindAll(0, 0)
#5 D:\2023\latihanci4_YonArifin\app\Controllers\Mahasiswa.php(22): CodeIgniter\BaseModel->findAll()
#6 D:\2023\latihanci4_YonArifin\system\CodeIgniter.php(919): App\Controllers\Mahasiswa->tampil_mahasiswa()
#7 D:\2023\latihanci4_YonArifin\system\CodeIgniter.php(494): CodeIgniter\CodeIgniter->runController(Object(App\Controllers\Mahasiswa))
#8 D:\2023\latihanci4_YonArifin\system\CodeIgniter.php(353): CodeIgniter\CodeIgniter->handleRequest(NULL, Object(Config\Cache), false)
#9 D:\2023\latihanci4_YonArifin\public\index.php(79): CodeIgniter\CodeIgniter->run()
#10 {main}
CRITICAL - 2023-10-19 06:42:46 --> Unable to connect to the database.
Main connection [MySQLi]: Access denied for user '****'@'localhost' (using password: YES)
in SYSTEMPATH\Database\BaseConnection.php on line 427.
 1 SYSTEMPATH\Database\BaseConnection.php(574): CodeIgniter\Database\BaseConnection->initialize()
 2 SYSTEMPATH\Database\BaseBuilder.php(1615): CodeIgniter\Database\BaseConnection->query('SELECT *
FROM `tbl_mahasiswa`', [], false)
 3 SYSTEMPATH\Model.php(237): CodeIgniter\Database\BaseBuilder->get()
 4 SYSTEMPATH\BaseModel.php(624): CodeIgniter\Model->doFindAll(0, 0)
 5 APPPATH\Controllers\Mahasiswa.php(22): CodeIgniter\BaseModel->findAll()
 6 SYSTEMPATH\CodeIgniter.php(919): App\Controllers\Mahasiswa->tampil_mahasiswa()
 7 SYSTEMPATH\CodeIgniter.php(494): CodeIgniter\CodeIgniter->runController(Object(App\Controllers\Mahasiswa))
 8 SYSTEMPATH\CodeIgniter.php(353): CodeIgniter\CodeIgniter->handleRequest(null, Object(Config\Cache), false)
 9 FCPATH\index.php(79): CodeIgniter\CodeIgniter->run()
ERROR - 2023-10-19 06:42:46 --> Error connecting to the database: mysqli_sql_exception: Access denied for user 'root'@'localhost' (using password: YES) in D:\2023\latihanci4_YonArifin\system\Database\MySQLi\Connection.php:185
Stack trace:
#0 D:\2023\latihanci4_YonArifin\system\Database\MySQLi\Connection.php(185): mysqli->real_connect('localhost', 'root', 'root', 'db_latihanci', 3306, '', 0)
#1 D:\2023\latihanci4_YonArifin\system\Database\BaseConnection.php(391): CodeIgniter\Database\MySQLi\Connection->connect(false)
#2 D:\2023\latihanci4_YonArifin\system\Database\BaseConnection.php(574): CodeIgniter\Database\BaseConnection->initialize()
#3 D:\2023\latihanci4_YonArifin\system\Database\BaseBuilder.php(1615): CodeIgniter\Database\BaseConnection->query('SELECT *\nFROM `...', Array, false)
#4 D:\2023\latihanci4_YonArifin\system\Model.php(237): CodeIgniter\Database\BaseBuilder->get()
#5 D:\2023\latihanci4_YonArifin\system\BaseModel.php(624): CodeIgniter\Model->doFindAll(0, 0)
#6 D:\2023\latihanci4_YonArifin\app\Controllers\Mahasiswa.php(22): CodeIgniter\BaseModel->findAll()
#7 D:\2023\latihanci4_YonArifin\system\CodeIgniter.php(919): App\Controllers\Mahasiswa->tampil_mahasiswa()
#8 D:\2023\latihanci4_YonArifin\system\CodeIgniter.php(494): CodeIgniter\CodeIgniter->runController(Object(App\Controllers\Mahasiswa))
#9 D:\2023\latihanci4_YonArifin\system\CodeIgniter.php(353): CodeIgniter\CodeIgniter->handleRequest(NULL, Object(Config\Cache), false)
#10 D:\2023\latihanci4_YonArifin\public\index.php(79): CodeIgniter\CodeIgniter->run()
#11 {main}

Next CodeIgniter\Database\Exceptions\DatabaseException: Access denied for user '****'@'localhost' (using password: YES) in D:\2023\latihanci4_YonArifin\system\Database\MySQLi\Connection.php:229
Stack trace:
#0 D:\2023\latihanci4_YonArifin\system\Database\BaseConnection.php(391): CodeIgniter\Database\MySQLi\Connection->connect(false)
#1 D:\2023\latihanci4_YonArifin\system\Database\BaseConnection.php(574): CodeIgniter\Database\BaseConnection->initialize()
#2 D:\2023\latihanci4_YonArifin\system\Database\BaseBuilder.php(1615): CodeIgniter\Database\BaseConnection->query('SELECT *\nFROM `...', Array, false)
#3 D:\2023\latihanci4_YonArifin\system\Model.php(237): CodeIgniter\Database\BaseBuilder->get()
#4 D:\2023\latihanci4_YonArifin\system\BaseModel.php(624): CodeIgniter\Model->doFindAll(0, 0)
#5 D:\2023\latihanci4_YonArifin\app\Controllers\Mahasiswa.php(22): CodeIgniter\BaseModel->findAll()
#6 D:\2023\latihanci4_YonArifin\system\CodeIgniter.php(919): App\Controllers\Mahasiswa->tampil_mahasiswa()
#7 D:\2023\latihanci4_YonArifin\system\CodeIgniter.php(494): CodeIgniter\CodeIgniter->runController(Object(App\Controllers\Mahasiswa))
#8 D:\2023\latihanci4_YonArifin\system\CodeIgniter.php(353): CodeIgniter\CodeIgniter->handleRequest(NULL, Object(Config\Cache), false)
#9 D:\2023\latihanci4_YonArifin\public\index.php(79): CodeIgniter\CodeIgniter->run()
#10 {main}
CRITICAL - 2023-10-19 06:42:46 --> Unable to connect to the database.
Main connection [MySQLi]: Access denied for user '****'@'localhost' (using password: YES)
in SYSTEMPATH\Database\BaseConnection.php on line 427.
 1 SYSTEMPATH\Database\BaseConnection.php(574): CodeIgniter\Database\BaseConnection->initialize()
 2 SYSTEMPATH\Database\BaseBuilder.php(1615): CodeIgniter\Database\BaseConnection->query('SELECT *
FROM `tbl_mahasiswa`', [], false)
 3 SYSTEMPATH\Model.php(237): CodeIgniter\Database\BaseBuilder->get()
 4 SYSTEMPATH\BaseModel.php(624): CodeIgniter\Model->doFindAll(0, 0)
 5 APPPATH\Controllers\Mahasiswa.php(22): CodeIgniter\BaseModel->findAll()
 6 SYSTEMPATH\CodeIgniter.php(919): App\Controllers\Mahasiswa->tampil_mahasiswa()
 7 SYSTEMPATH\CodeIgniter.php(494): CodeIgniter\CodeIgniter->runController(Object(App\Controllers\Mahasiswa))
 8 SYSTEMPATH\CodeIgniter.php(353): CodeIgniter\CodeIgniter->handleRequest(null, Object(Config\Cache), false)
 9 FCPATH\index.php(79): CodeIgniter\CodeIgniter->run()
ERROR - 2023-10-19 06:42:47 --> Error connecting to the database: mysqli_sql_exception: Access denied for user 'root'@'localhost' (using password: YES) in D:\2023\latihanci4_YonArifin\system\Database\MySQLi\Connection.php:185
Stack trace:
#0 D:\2023\latihanci4_YonArifin\system\Database\MySQLi\Connection.php(185): mysqli->real_connect('localhost', 'root', 'root', 'db_latihanci', 3306, '', 0)
#1 D:\2023\latihanci4_YonArifin\system\Database\BaseConnection.php(391): CodeIgniter\Database\MySQLi\Connection->connect(false)
#2 D:\2023\latihanci4_YonArifin\system\Database\BaseConnection.php(574): CodeIgniter\Database\BaseConnection->initialize()
#3 D:\2023\latihanci4_YonArifin\system\Database\BaseBuilder.php(1615): CodeIgniter\Database\BaseConnection->query('SELECT *\nFROM `...', Array, false)
#4 D:\2023\latihanci4_YonArifin\system\Model.php(237): CodeIgniter\Database\BaseBuilder->get()
#5 D:\2023\latihanci4_YonArifin\system\BaseModel.php(624): CodeIgniter\Model->doFindAll(0, 0)
#6 D:\2023\latihanci4_YonArifin\app\Controllers\Mahasiswa.php(22): CodeIgniter\BaseModel->findAll()
#7 D:\2023\latihanci4_YonArifin\system\CodeIgniter.php(919): App\Controllers\Mahasiswa->tampil_mahasiswa()
#8 D:\2023\latihanci4_YonArifin\system\CodeIgniter.php(494): CodeIgniter\CodeIgniter->runController(Object(App\Controllers\Mahasiswa))
#9 D:\2023\latihanci4_YonArifin\system\CodeIgniter.php(353): CodeIgniter\CodeIgniter->handleRequest(NULL, Object(Config\Cache), false)
#10 D:\2023\latihanci4_YonArifin\public\index.php(79): CodeIgniter\CodeIgniter->run()
#11 {main}

Next CodeIgniter\Database\Exceptions\DatabaseException: Access denied for user '****'@'localhost' (using password: YES) in D:\2023\latihanci4_YonArifin\system\Database\MySQLi\Connection.php:229
Stack trace:
#0 D:\2023\latihanci4_YonArifin\system\Database\BaseConnection.php(391): CodeIgniter\Database\MySQLi\Connection->connect(false)
#1 D:\2023\latihanci4_YonArifin\system\Database\BaseConnection.php(574): CodeIgniter\Database\BaseConnection->initialize()
#2 D:\2023\latihanci4_YonArifin\system\Database\BaseBuilder.php(1615): CodeIgniter\Database\BaseConnection->query('SELECT *\nFROM `...', Array, false)
#3 D:\2023\latihanci4_YonArifin\system\Model.php(237): CodeIgniter\Database\BaseBuilder->get()
#4 D:\2023\latihanci4_YonArifin\system\BaseModel.php(624): CodeIgniter\Model->doFindAll(0, 0)
#5 D:\2023\latihanci4_YonArifin\app\Controllers\Mahasiswa.php(22): CodeIgniter\BaseModel->findAll()
#6 D:\2023\latihanci4_YonArifin\system\CodeIgniter.php(919): App\Controllers\Mahasiswa->tampil_mahasiswa()
#7 D:\2023\latihanci4_YonArifin\system\CodeIgniter.php(494): CodeIgniter\CodeIgniter->runController(Object(App\Controllers\Mahasiswa))
#8 D:\2023\latihanci4_YonArifin\system\CodeIgniter.php(353): CodeIgniter\CodeIgniter->handleRequest(NULL, Object(Config\Cache), false)
#9 D:\2023\latihanci4_YonArifin\public\index.php(79): CodeIgniter\CodeIgniter->run()
#10 {main}
CRITICAL - 2023-10-19 06:42:47 --> Unable to connect to the database.
Main connection [MySQLi]: Access denied for user '****'@'localhost' (using password: YES)
in SYSTEMPATH\Database\BaseConnection.php on line 427.
 1 SYSTEMPATH\Database\BaseConnection.php(574): CodeIgniter\Database\BaseConnection->initialize()
 2 SYSTEMPATH\Database\BaseBuilder.php(1615): CodeIgniter\Database\BaseConnection->query('SELECT *
FROM `tbl_mahasiswa`', [], false)
 3 SYSTEMPATH\Model.php(237): CodeIgniter\Database\BaseBuilder->get()
 4 SYSTEMPATH\BaseModel.php(624): CodeIgniter\Model->doFindAll(0, 0)
 5 APPPATH\Controllers\Mahasiswa.php(22): CodeIgniter\BaseModel->findAll()
 6 SYSTEMPATH\CodeIgniter.php(919): App\Controllers\Mahasiswa->tampil_mahasiswa()
 7 SYSTEMPATH\CodeIgniter.php(494): CodeIgniter\CodeIgniter->runController(Object(App\Controllers\Mahasiswa))
 8 SYSTEMPATH\CodeIgniter.php(353): CodeIgniter\CodeIgniter->handleRequest(null, Object(Config\Cache), false)
 9 FCPATH\index.php(79): CodeIgniter\CodeIgniter->run()
ERROR - 2023-10-19 06:43:02 --> Error connecting to the database: mysqli_sql_exception: Access denied for user 'root'@'localhost' (using password: YES) in D:\2023\latihanci4_YonArifin\system\Database\MySQLi\Connection.php:185
Stack trace:
#0 D:\2023\latihanci4_YonArifin\system\Database\MySQLi\Connection.php(185): mysqli->real_connect('localhost', 'root', 'root', 'db_latihanci', 3306, '', 0)
#1 D:\2023\latihanci4_YonArifin\system\Database\BaseConnection.php(391): CodeIgniter\Database\MySQLi\Connection->connect(false)
#2 D:\2023\latihanci4_YonArifin\system\Database\BaseConnection.php(574): CodeIgniter\Database\BaseConnection->initialize()
#3 D:\2023\latihanci4_YonArifin\system\Database\BaseBuilder.php(1615): CodeIgniter\Database\BaseConnection->query('SELECT *\nFROM `...', Array, false)
#4 D:\2023\latihanci4_YonArifin\system\Model.php(237): CodeIgniter\Database\BaseBuilder->get()
#5 D:\2023\latihanci4_YonArifin\system\BaseModel.php(624): CodeIgniter\Model->doFindAll(0, 0)
#6 D:\2023\latihanci4_YonArifin\app\Controllers\Mahasiswa.php(22): CodeIgniter\BaseModel->findAll()
#7 D:\2023\latihanci4_YonArifin\system\CodeIgniter.php(919): App\Controllers\Mahasiswa->tampil_mahasiswa()
#8 D:\2023\latihanci4_YonArifin\system\CodeIgniter.php(494): CodeIgniter\CodeIgniter->runController(Object(App\Controllers\Mahasiswa))
#9 D:\2023\latihanci4_YonArifin\system\CodeIgniter.php(353): CodeIgniter\CodeIgniter->handleRequest(NULL, Object(Config\Cache), false)
#10 D:\2023\latihanci4_YonArifin\public\index.php(79): CodeIgniter\CodeIgniter->run()
#11 {main}

Next CodeIgniter\Database\Exceptions\DatabaseException: Access denied for user '****'@'localhost' (using password: YES) in D:\2023\latihanci4_YonArifin\system\Database\MySQLi\Connection.php:229
Stack trace:
#0 D:\2023\latihanci4_YonArifin\system\Database\BaseConnection.php(391): CodeIgniter\Database\MySQLi\Connection->connect(false)
#1 D:\2023\latihanci4_YonArifin\system\Database\BaseConnection.php(574): CodeIgniter\Database\BaseConnection->initialize()
#2 D:\2023\latihanci4_YonArifin\system\Database\BaseBuilder.php(1615): CodeIgniter\Database\BaseConnection->query('SELECT *\nFROM `...', Array, false)
#3 D:\2023\latihanci4_YonArifin\system\Model.php(237): CodeIgniter\Database\BaseBuilder->get()
#4 D:\2023\latihanci4_YonArifin\system\BaseModel.php(624): CodeIgniter\Model->doFindAll(0, 0)
#5 D:\2023\latihanci4_YonArifin\app\Controllers\Mahasiswa.php(22): CodeIgniter\BaseModel->findAll()
#6 D:\2023\latihanci4_YonArifin\system\CodeIgniter.php(919): App\Controllers\Mahasiswa->tampil_mahasiswa()
#7 D:\2023\latihanci4_YonArifin\system\CodeIgniter.php(494): CodeIgniter\CodeIgniter->runController(Object(App\Controllers\Mahasiswa))
#8 D:\2023\latihanci4_YonArifin\system\CodeIgniter.php(353): CodeIgniter\CodeIgniter->handleRequest(NULL, Object(Config\Cache), false)
#9 D:\2023\latihanci4_YonArifin\public\index.php(79): CodeIgniter\CodeIgniter->run()
#10 {main}
CRITICAL - 2023-10-19 06:43:02 --> Unable to connect to the database.
Main connection [MySQLi]: Access denied for user '****'@'localhost' (using password: YES)
in SYSTEMPATH\Database\BaseConnection.php on line 427.
 1 SYSTEMPATH\Database\BaseConnection.php(574): CodeIgniter\Database\BaseConnection->initialize()
 2 SYSTEMPATH\Database\BaseBuilder.php(1615): CodeIgniter\Database\BaseConnection->query('SELECT *
FROM `tbl_mahasiswa`', [], false)
 3 SYSTEMPATH\Model.php(237): CodeIgniter\Database\BaseBuilder->get()
 4 SYSTEMPATH\BaseModel.php(624): CodeIgniter\Model->doFindAll(0, 0)
 5 APPPATH\Controllers\Mahasiswa.php(22): CodeIgniter\BaseModel->findAll()
 6 SYSTEMPATH\CodeIgniter.php(919): App\Controllers\Mahasiswa->tampil_mahasiswa()
 7 SYSTEMPATH\CodeIgniter.php(494): CodeIgniter\CodeIgniter->runController(Object(App\Controllers\Mahasiswa))
 8 SYSTEMPATH\CodeIgniter.php(353): CodeIgniter\CodeIgniter->handleRequest(null, Object(Config\Cache), false)
 9 FCPATH\index.php(79): CodeIgniter\CodeIgniter->run()
CRITICAL - 2023-10-19 06:48:12 --> Undefined variable $mahasisw
in APPPATH\Views\tampil_data.php on line 18.
 1 APPPATH\Views\tampil_data.php(18): CodeIgniter\Debug\Exceptions->errorHandler(2, 'Undefined variable $mahasisw', 'D:\\2023\\latihanci4_YonArifin\\app\\Views\\tampil_data.php', 18)
 2 SYSTEMPATH\View\View.php(226): include('D:\\2023\\latihanci4_YonArifin\\app\\Views\\tampil_data.php')
 3 SYSTEMPATH\View\View.php(229): CodeIgniter\View\View->CodeIgniter\View\{closure}()
 4 SYSTEMPATH\Common.php(1188): CodeIgniter\View\View->render('tampil_data', [], true)
 5 APPPATH\Controllers\Mahasiswa.php(23): view('tampil_data', [...])
 6 SYSTEMPATH\CodeIgniter.php(919): App\Controllers\Mahasiswa->tampil_mahasiswa()
 7 SYSTEMPATH\CodeIgniter.php(494): CodeIgniter\CodeIgniter->runController(Object(App\Controllers\Mahasiswa))
 8 SYSTEMPATH\CodeIgniter.php(353): CodeIgniter\CodeIgniter->handleRequest(null, Object(Config\Cache), false)
 9 FCPATH\index.php(79): CodeIgniter\CodeIgniter->run()
ERROR - 2023-10-19 15:19:06 --> Error connecting to the database: mysqli_sql_exception: No connection could be made because the target machine actively refused it in D:\2023\latihanci4_YonArifin\system\Database\MySQLi\Connection.php:185
Stack trace:
#0 D:\2023\latihanci4_YonArifin\system\Database\MySQLi\Connection.php(185): mysqli->real_connect('localhost', 'root', '', 'db_latihanci', 3306, '', 0)
#1 D:\2023\latihanci4_YonArifin\system\Database\BaseConnection.php(391): CodeIgniter\Database\MySQLi\Connection->connect(false)
#2 D:\2023\latihanci4_YonArifin\system\Database\BaseConnection.php(574): CodeIgniter\Database\BaseConnection->initialize()
#3 D:\2023\latihanci4_YonArifin\system\Database\BaseBuilder.php(1615): CodeIgniter\Database\BaseConnection->query('SELECT *\nFROM `...', Array, false)
#4 D:\2023\latihanci4_YonArifin\system\Model.php(237): CodeIgniter\Database\BaseBuilder->get()
#5 D:\2023\latihanci4_YonArifin\system\BaseModel.php(624): CodeIgniter\Model->doFindAll(0, 0)
#6 D:\2023\latihanci4_YonArifin\app\Controllers\Mahasiswa.php(14): CodeIgniter\BaseModel->findAll()
#7 D:\2023\latihanci4_YonArifin\system\CodeIgniter.php(919): App\Controllers\Mahasiswa->index()
#8 D:\2023\latihanci4_YonArifin\system\CodeIgniter.php(494): CodeIgniter\CodeIgniter->runController(Object(App\Controllers\Mahasiswa))
#9 D:\2023\latihanci4_YonArifin\system\CodeIgniter.php(353): CodeIgniter\CodeIgniter->handleRequest(NULL, Object(Config\Cache), false)
#10 D:\2023\latihanci4_YonArifin\public\index.php(79): CodeIgniter\CodeIgniter->run()
#11 D:\2023\latihanci4_YonArifin\system\Commands\Server\rewrite.php(47): require_once('D:\\2023\\latihan...')
#12 {main}

Next CodeIgniter\Database\Exceptions\DatabaseException: No connection could be made because the target machine actively refused it in D:\2023\latihanci4_YonArifin\system\Database\MySQLi\Connection.php:229
Stack trace:
#0 D:\2023\latihanci4_YonArifin\system\Database\BaseConnection.php(391): CodeIgniter\Database\MySQLi\Connection->connect(false)
#1 D:\2023\latihanci4_YonArifin\system\Database\BaseConnection.php(574): CodeIgniter\Database\BaseConnection->initialize()
#2 D:\2023\latihanci4_YonArifin\system\Database\BaseBuilder.php(1615): CodeIgniter\Database\BaseConnection->query('SELECT *\nFROM `...', Array, false)
#3 D:\2023\latihanci4_YonArifin\system\Model.php(237): CodeIgniter\Database\BaseBuilder->get()
#4 D:\2023\latihanci4_YonArifin\system\BaseModel.php(624): CodeIgniter\Model->doFindAll(0, 0)
#5 D:\2023\latihanci4_YonArifin\app\Controllers\Mahasiswa.php(14): CodeIgniter\BaseModel->findAll()
#6 D:\2023\latihanci4_YonArifin\system\CodeIgniter.php(919): App\Controllers\Mahasiswa->index()
#7 D:\2023\latihanci4_YonArifin\system\CodeIgniter.php(494): CodeIgniter\CodeIgniter->runController(Object(App\Controllers\Mahasiswa))
#8 D:\2023\latihanci4_YonArifin\system\CodeIgniter.php(353): CodeIgniter\CodeIgniter->handleRequest(NULL, Object(Config\Cache), false)
#9 D:\2023\latihanci4_YonArifin\public\index.php(79): CodeIgniter\CodeIgniter->run()
#10 D:\2023\latihanci4_YonArifin\system\Commands\Server\rewrite.php(47): require_once('D:\\2023\\latihan...')
#11 {main}
CRITICAL - 2023-10-19 15:19:06 --> Unable to connect to the database.
Main connection [MySQLi]: No connection could be made because the target machine actively refused it
in SYSTEMPATH\Database\BaseConnection.php on line 427.
 1 SYSTEMPATH\Database\BaseConnection.php(574): CodeIgniter\Database\BaseConnection->initialize()
 2 SYSTEMPATH\Database\BaseBuilder.php(1615): CodeIgniter\Database\BaseConnection->query('SELECT *
FROM `tbl_mahasiswa`', [], false)
 3 SYSTEMPATH\Model.php(237): CodeIgniter\Database\BaseBuilder->get()
 4 SYSTEMPATH\BaseModel.php(624): CodeIgniter\Model->doFindAll(0, 0)
 5 APPPATH\Controllers\Mahasiswa.php(14): CodeIgniter\BaseModel->findAll()
 6 SYSTEMPATH\CodeIgniter.php(919): App\Controllers\Mahasiswa->index()
 7 SYSTEMPATH\CodeIgniter.php(494): CodeIgniter\CodeIgniter->runController(Object(App\Controllers\Mahasiswa))
 8 SYSTEMPATH\CodeIgniter.php(353): CodeIgniter\CodeIgniter->handleRequest(null, Object(Config\Cache), false)
 9 FCPATH\index.php(79): CodeIgniter\CodeIgniter->run()
10 SYSTEMPATH\Commands\Server\rewrite.php(47): require_once('D:\\2023\\latihanci4_YonArifin\\public\\index.php')
