INFO - 2023-12-03 02:45:32 --> Session: Class initialized using 'CodeIgniter\Session\Handlers\FileHandler' driver.
INFO - 2023-12-03 02:45:35 --> Session: Class initialized using 'CodeIgniter\Session\Handlers\FileHandler' driver.
INFO - 2023-12-03 02:45:51 --> Session: Class initialized using 'CodeIgniter\Session\Handlers\FileHandler' driver.
INFO - 2023-12-03 03:29:58 --> Session: Class initialized using 'CodeIgniter\Session\Handlers\FileHandler' driver.
INFO - 2023-12-03 03:31:25 --> Session: Class initialized using 'CodeIgniter\Session\Handlers\FileHandler' driver.
INFO - 2023-12-03 03:35:47 --> Session: Class initialized using 'CodeIgniter\Session\Handlers\FileHandler' driver.
INFO - 2023-12-03 03:38:10 --> Session: Class initialized using 'CodeIgniter\Session\Handlers\FileHandler' driver.
INFO - 2023-12-03 03:38:13 --> Session: Class initialized using 'CodeIgniter\Session\Handlers\FileHandler' driver.
INFO - 2023-12-03 03:38:18 --> Session: Class initialized using 'CodeIgniter\Session\Handlers\FileHandler' driver.
INFO - 2023-12-03 03:40:02 --> Session: Class initialized using 'CodeIgniter\Session\Handlers\FileHandler' driver.
INFO - 2023-12-03 03:43:41 --> Session: Class initialized using 'CodeIgniter\Session\Handlers\FileHandler' driver.
INFO - 2023-12-03 03:44:01 --> Session: Class initialized using 'CodeIgniter\Session\Handlers\FileHandler' driver.
INFO - 2023-12-03 03:44:03 --> Session: Class initialized using 'CodeIgniter\Session\Handlers\FileHandler' driver.
INFO - 2023-12-03 03:44:04 --> Session: Class initialized using 'CodeIgniter\Session\Handlers\FileHandler' driver.
INFO - 2023-12-03 03:45:01 --> Session: Class initialized using 'CodeIgniter\Session\Handlers\FileHandler' driver.
INFO - 2023-12-03 03:45:04 --> Session: Class initialized using 'CodeIgniter\Session\Handlers\FileHandler' driver.
INFO - 2023-12-03 03:45:06 --> Session: Class initialized using 'CodeIgniter\Session\Handlers\FileHandler' driver.
INFO - 2023-12-03 03:55:36 --> Session: Class initialized using 'CodeIgniter\Session\Handlers\FileHandler' driver.
INFO - 2023-12-03 03:55:52 --> Session: Class initialized using 'CodeIgniter\Session\Handlers\FileHandler' driver.
INFO - 2023-12-03 04:15:15 --> Session: Class initialized using 'CodeIgniter\Session\Handlers\FileHandler' driver.
CRITICAL - 2023-12-03 04:15:21 --> Call to undefined method App\Models\UserModel::getDataUser
in SYSTEMPATH\Model.php on line 873.
 1 APPPATH\Controllers\User.php(22): CodeIgniter\Model->__call('getDataUser', [...])
 2 SYSTEMPATH\CodeIgniter.php(919): App\Controllers\User->login()
 3 SYSTEMPATH\CodeIgniter.php(494): CodeIgniter\CodeIgniter->runController(Object(App\Controllers\User))
 4 SYSTEMPATH\CodeIgniter.php(353): CodeIgniter\CodeIgniter->handleRequest(null, Object(Config\Cache), false)
 5 FCPATH\index.php(79): CodeIgniter\CodeIgniter->run()
INFO - 2023-12-03 04:17:57 --> Session: Class initialized using 'CodeIgniter\Session\Handlers\FileHandler' driver.
INFO - 2023-12-03 04:17:58 --> Session: Class initialized using 'CodeIgniter\Session\Handlers\FileHandler' driver.
CRITICAL - 2023-12-03 04:18:02 --> Call to undefined method App\Models\UserModel::getDataUser
in SYSTEMPATH\Model.php on line 873.
 1 APPPATH\Controllers\User.php(22): CodeIgniter\Model->__call('getDataUser', [...])
 2 SYSTEMPATH\CodeIgniter.php(919): App\Controllers\User->login()
 3 SYSTEMPATH\CodeIgniter.php(494): CodeIgniter\CodeIgniter->runController(Object(App\Controllers\User))
 4 SYSTEMPATH\CodeIgniter.php(353): CodeIgniter\CodeIgniter->handleRequest(null, Object(Config\Cache), false)
 5 FCPATH\index.php(79): CodeIgniter\CodeIgniter->run()
ERROR - 2023-12-03 04:18:35 --> mysqli_sql_exception: Table 'db_latihanci.tbl_user' doesn't exist in D:\2023\koprasi-mahasiswa\system\Database\MySQLi\Connection.php:306
Stack trace:
#0 D:\2023\koprasi-mahasiswa\system\Database\MySQLi\Connection.php(306): mysqli->query('SELECT *\nFROM `...', 0)
#1 D:\2023\koprasi-mahasiswa\system\Database\BaseConnection.php(692): CodeIgniter\Database\MySQLi\Connection->execute('SELECT *\nFROM `...')
#2 D:\2023\koprasi-mahasiswa\system\Database\BaseConnection.php(606): CodeIgniter\Database\BaseConnection->simpleQuery('SELECT *\nFROM `...')
#3 D:\2023\koprasi-mahasiswa\system\Database\BaseBuilder.php(1615): CodeIgniter\Database\BaseConnection->query('SELECT *\nFROM `...', Array, false)
#4 D:\2023\koprasi-mahasiswa\system\Model.php(196): CodeIgniter\Database\BaseBuilder->get()
#5 D:\2023\koprasi-mahasiswa\system\BaseModel.php(563): CodeIgniter\Model->doFind(true, 'admin')
#6 D:\2023\koprasi-mahasiswa\app\Models\UserModel.php(13): CodeIgniter\BaseModel->find('admin')
#7 D:\2023\koprasi-mahasiswa\app\Controllers\User.php(22): App\Models\UserModel->getDataUser('admin')
#8 D:\2023\koprasi-mahasiswa\system\CodeIgniter.php(919): App\Controllers\User->login()
#9 D:\2023\koprasi-mahasiswa\system\CodeIgniter.php(494): CodeIgniter\CodeIgniter->runController(Object(App\Controllers\User))
#10 D:\2023\koprasi-mahasiswa\system\CodeIgniter.php(353): CodeIgniter\CodeIgniter->handleRequest(NULL, Object(Config\Cache), false)
#11 D:\2023\koprasi-mahasiswa\public\index.php(79): CodeIgniter\CodeIgniter->run()
#12 {main}
CRITICAL - 2023-12-03 04:18:35 --> Table 'db_latihanci.tbl_user' doesn't exist
in SYSTEMPATH\Database\BaseConnection.php on line 646.
 1 SYSTEMPATH\Database\BaseBuilder.php(1615): CodeIgniter\Database\BaseConnection->query('SELECT *
FROM `tbl_user`
WHERE `tbl_user`.`id_user` = :tbl_user.id_user:', [...], false)
 2 SYSTEMPATH\Model.php(196): CodeIgniter\Database\BaseBuilder->get()
 3 SYSTEMPATH\BaseModel.php(563): CodeIgniter\Model->doFind(true, 'admin')
 4 APPPATH\Models\UserModel.php(13): CodeIgniter\BaseModel->find('admin')
 5 APPPATH\Controllers\User.php(22): App\Models\UserModel->getDataUser('admin')
 6 SYSTEMPATH\CodeIgniter.php(919): App\Controllers\User->login()
 7 SYSTEMPATH\CodeIgniter.php(494): CodeIgniter\CodeIgniter->runController(Object(App\Controllers\User))
 8 SYSTEMPATH\CodeIgniter.php(353): CodeIgniter\CodeIgniter->handleRequest(null, Object(Config\Cache), false)
 9 FCPATH\index.php(79): CodeIgniter\CodeIgniter->run()
ERROR - 2023-12-03 04:19:34 --> mysqli_sql_exception: Table 'db_latihanci.pengguna' doesn't exist in D:\2023\koprasi-mahasiswa\system\Database\MySQLi\Connection.php:306
Stack trace:
#0 D:\2023\koprasi-mahasiswa\system\Database\MySQLi\Connection.php(306): mysqli->query('SELECT *\nFROM `...', 0)
#1 D:\2023\koprasi-mahasiswa\system\Database\BaseConnection.php(692): CodeIgniter\Database\MySQLi\Connection->execute('SELECT *\nFROM `...')
#2 D:\2023\koprasi-mahasiswa\system\Database\BaseConnection.php(606): CodeIgniter\Database\BaseConnection->simpleQuery('SELECT *\nFROM `...')
#3 D:\2023\koprasi-mahasiswa\system\Database\BaseBuilder.php(1615): CodeIgniter\Database\BaseConnection->query('SELECT *\nFROM `...', Array, false)
#4 D:\2023\koprasi-mahasiswa\system\Model.php(196): CodeIgniter\Database\BaseBuilder->get()
#5 D:\2023\koprasi-mahasiswa\system\BaseModel.php(563): CodeIgniter\Model->doFind(true, 'admin')
#6 D:\2023\koprasi-mahasiswa\app\Models\UserModel.php(13): CodeIgniter\BaseModel->find('admin')
#7 D:\2023\koprasi-mahasiswa\app\Controllers\User.php(22): App\Models\UserModel->getDataUser('admin')
#8 D:\2023\koprasi-mahasiswa\system\CodeIgniter.php(919): App\Controllers\User->login()
#9 D:\2023\koprasi-mahasiswa\system\CodeIgniter.php(494): CodeIgniter\CodeIgniter->runController(Object(App\Controllers\User))
#10 D:\2023\koprasi-mahasiswa\system\CodeIgniter.php(353): CodeIgniter\CodeIgniter->handleRequest(NULL, Object(Config\Cache), false)
#11 D:\2023\koprasi-mahasiswa\public\index.php(79): CodeIgniter\CodeIgniter->run()
#12 {main}
CRITICAL - 2023-12-03 04:19:34 --> Table 'db_latihanci.pengguna' doesn't exist
in SYSTEMPATH\Database\BaseConnection.php on line 646.
 1 SYSTEMPATH\Database\BaseBuilder.php(1615): CodeIgniter\Database\BaseConnection->query('SELECT *
FROM `pengguna`
WHERE `pengguna`.`id_pengguna` = :pengguna.id_pengguna:', [...], false)
 2 SYSTEMPATH\Model.php(196): CodeIgniter\Database\BaseBuilder->get()
 3 SYSTEMPATH\BaseModel.php(563): CodeIgniter\Model->doFind(true, 'admin')
 4 APPPATH\Models\UserModel.php(13): CodeIgniter\BaseModel->find('admin')
 5 APPPATH\Controllers\User.php(22): App\Models\UserModel->getDataUser('admin')
 6 SYSTEMPATH\CodeIgniter.php(919): App\Controllers\User->login()
 7 SYSTEMPATH\CodeIgniter.php(494): CodeIgniter\CodeIgniter->runController(Object(App\Controllers\User))
 8 SYSTEMPATH\CodeIgniter.php(353): CodeIgniter\CodeIgniter->handleRequest(null, Object(Config\Cache), false)
 9 FCPATH\index.php(79): CodeIgniter\CodeIgniter->run()
ERROR - 2023-12-03 04:21:12 --> mysqli_sql_exception: Table 'db_latihanci.pengguna' doesn't exist in D:\2023\koprasi-mahasiswa\system\Database\MySQLi\Connection.php:306
Stack trace:
#0 D:\2023\koprasi-mahasiswa\system\Database\MySQLi\Connection.php(306): mysqli->query('SELECT *\nFROM `...', 0)
#1 D:\2023\koprasi-mahasiswa\system\Database\BaseConnection.php(692): CodeIgniter\Database\MySQLi\Connection->execute('SELECT *\nFROM `...')
#2 D:\2023\koprasi-mahasiswa\system\Database\BaseConnection.php(606): CodeIgniter\Database\BaseConnection->simpleQuery('SELECT *\nFROM `...')
#3 D:\2023\koprasi-mahasiswa\system\Database\BaseBuilder.php(1615): CodeIgniter\Database\BaseConnection->query('SELECT *\nFROM `...', Array, false)
#4 D:\2023\koprasi-mahasiswa\system\Model.php(196): CodeIgniter\Database\BaseBuilder->get()
#5 D:\2023\koprasi-mahasiswa\system\BaseModel.php(563): CodeIgniter\Model->doFind(true, 'admin')
#6 D:\2023\koprasi-mahasiswa\app\Models\UserModel.php(13): CodeIgniter\BaseModel->find('admin')
#7 D:\2023\koprasi-mahasiswa\app\Controllers\User.php(22): App\Models\UserModel->getDataUser('admin')
#8 D:\2023\koprasi-mahasiswa\system\CodeIgniter.php(919): App\Controllers\User->login()
#9 D:\2023\koprasi-mahasiswa\system\CodeIgniter.php(494): CodeIgniter\CodeIgniter->runController(Object(App\Controllers\User))
#10 D:\2023\koprasi-mahasiswa\system\CodeIgniter.php(353): CodeIgniter\CodeIgniter->handleRequest(NULL, Object(Config\Cache), false)
#11 D:\2023\koprasi-mahasiswa\public\index.php(79): CodeIgniter\CodeIgniter->run()
#12 {main}
CRITICAL - 2023-12-03 04:21:12 --> Table 'db_latihanci.pengguna' doesn't exist
in SYSTEMPATH\Database\BaseConnection.php on line 646.
 1 SYSTEMPATH\Database\BaseBuilder.php(1615): CodeIgniter\Database\BaseConnection->query('SELECT *
FROM `pengguna`
WHERE `pengguna`.`id_pengguna` = :pengguna.id_pengguna:', [...], false)
 2 SYSTEMPATH\Model.php(196): CodeIgniter\Database\BaseBuilder->get()
 3 SYSTEMPATH\BaseModel.php(563): CodeIgniter\Model->doFind(true, 'admin')
 4 APPPATH\Models\UserModel.php(13): CodeIgniter\BaseModel->find('admin')
 5 APPPATH\Controllers\User.php(22): App\Models\UserModel->getDataUser('admin')
 6 SYSTEMPATH\CodeIgniter.php(919): App\Controllers\User->login()
 7 SYSTEMPATH\CodeIgniter.php(494): CodeIgniter\CodeIgniter->runController(Object(App\Controllers\User))
 8 SYSTEMPATH\CodeIgniter.php(353): CodeIgniter\CodeIgniter->handleRequest(null, Object(Config\Cache), false)
 9 FCPATH\index.php(79): CodeIgniter\CodeIgniter->run()
ERROR - 2023-12-03 04:23:16 --> mysqli_sql_exception: Table 'db_latihanci.pengguna' doesn't exist in D:\2023\koprasi-mahasiswa\system\Database\MySQLi\Connection.php:306
Stack trace:
#0 D:\2023\koprasi-mahasiswa\system\Database\MySQLi\Connection.php(306): mysqli->query('SELECT *\nFROM `...', 0)
#1 D:\2023\koprasi-mahasiswa\system\Database\BaseConnection.php(692): CodeIgniter\Database\MySQLi\Connection->execute('SELECT *\nFROM `...')
#2 D:\2023\koprasi-mahasiswa\system\Database\BaseConnection.php(606): CodeIgniter\Database\BaseConnection->simpleQuery('SELECT *\nFROM `...')
#3 D:\2023\koprasi-mahasiswa\system\Database\BaseBuilder.php(1615): CodeIgniter\Database\BaseConnection->query('SELECT *\nFROM `...', Array, false)
#4 D:\2023\koprasi-mahasiswa\system\Model.php(196): CodeIgniter\Database\BaseBuilder->get()
#5 D:\2023\koprasi-mahasiswa\system\BaseModel.php(563): CodeIgniter\Model->doFind(true, 'admin')
#6 D:\2023\koprasi-mahasiswa\app\Models\UserModel.php(13): CodeIgniter\BaseModel->find('admin')
#7 D:\2023\koprasi-mahasiswa\app\Controllers\User.php(22): App\Models\UserModel->getDataUser('admin')
#8 D:\2023\koprasi-mahasiswa\system\CodeIgniter.php(919): App\Controllers\User->login()
#9 D:\2023\koprasi-mahasiswa\system\CodeIgniter.php(494): CodeIgniter\CodeIgniter->runController(Object(App\Controllers\User))
#10 D:\2023\koprasi-mahasiswa\system\CodeIgniter.php(353): CodeIgniter\CodeIgniter->handleRequest(NULL, Object(Config\Cache), false)
#11 D:\2023\koprasi-mahasiswa\public\index.php(79): CodeIgniter\CodeIgniter->run()
#12 {main}
CRITICAL - 2023-12-03 04:23:16 --> Table 'db_latihanci.pengguna' doesn't exist
in SYSTEMPATH\Database\BaseConnection.php on line 646.
 1 SYSTEMPATH\Database\BaseBuilder.php(1615): CodeIgniter\Database\BaseConnection->query('SELECT *
FROM `pengguna`
WHERE `pengguna`.`id_pengguna` = :pengguna.id_pengguna:', [...], false)
 2 SYSTEMPATH\Model.php(196): CodeIgniter\Database\BaseBuilder->get()
 3 SYSTEMPATH\BaseModel.php(563): CodeIgniter\Model->doFind(true, 'admin')
 4 APPPATH\Models\UserModel.php(13): CodeIgniter\BaseModel->find('admin')
 5 APPPATH\Controllers\User.php(22): App\Models\UserModel->getDataUser('admin')
 6 SYSTEMPATH\CodeIgniter.php(919): App\Controllers\User->login()
 7 SYSTEMPATH\CodeIgniter.php(494): CodeIgniter\CodeIgniter->runController(Object(App\Controllers\User))
 8 SYSTEMPATH\CodeIgniter.php(353): CodeIgniter\CodeIgniter->handleRequest(null, Object(Config\Cache), false)
 9 FCPATH\index.php(79): CodeIgniter\CodeIgniter->run()
INFO - 2023-12-03 04:24:47 --> Session: Class initialized using 'CodeIgniter\Session\Handlers\FileHandler' driver.
INFO - 2023-12-03 04:24:52 --> Session: Class initialized using 'CodeIgniter\Session\Handlers\FileHandler' driver.
ERROR - 2023-12-03 04:24:56 --> mysqli_sql_exception: Table 'db_latihanci.pengguna' doesn't exist in D:\2023\koprasi-mahasiswa\system\Database\MySQLi\Connection.php:306
Stack trace:
#0 D:\2023\koprasi-mahasiswa\system\Database\MySQLi\Connection.php(306): mysqli->query('SELECT *\nFROM `...', 0)
#1 D:\2023\koprasi-mahasiswa\system\Database\BaseConnection.php(692): CodeIgniter\Database\MySQLi\Connection->execute('SELECT *\nFROM `...')
#2 D:\2023\koprasi-mahasiswa\system\Database\BaseConnection.php(606): CodeIgniter\Database\BaseConnection->simpleQuery('SELECT *\nFROM `...')
#3 D:\2023\koprasi-mahasiswa\system\Database\BaseBuilder.php(1615): CodeIgniter\Database\BaseConnection->query('SELECT *\nFROM `...', Array, false)
#4 D:\2023\koprasi-mahasiswa\system\Model.php(196): CodeIgniter\Database\BaseBuilder->get()
#5 D:\2023\koprasi-mahasiswa\system\BaseModel.php(563): CodeIgniter\Model->doFind(true, 'admin')
#6 D:\2023\koprasi-mahasiswa\app\Models\UserModel.php(13): CodeIgniter\BaseModel->find('admin')
#7 D:\2023\koprasi-mahasiswa\app\Controllers\User.php(22): App\Models\UserModel->getDataUser('admin')
#8 D:\2023\koprasi-mahasiswa\system\CodeIgniter.php(919): App\Controllers\User->login()
#9 D:\2023\koprasi-mahasiswa\system\CodeIgniter.php(494): CodeIgniter\CodeIgniter->runController(Object(App\Controllers\User))
#10 D:\2023\koprasi-mahasiswa\system\CodeIgniter.php(353): CodeIgniter\CodeIgniter->handleRequest(NULL, Object(Config\Cache), false)
#11 D:\2023\koprasi-mahasiswa\public\index.php(79): CodeIgniter\CodeIgniter->run()
#12 {main}
CRITICAL - 2023-12-03 04:24:56 --> Table 'db_latihanci.pengguna' doesn't exist
in SYSTEMPATH\Database\BaseConnection.php on line 646.
 1 SYSTEMPATH\Database\BaseBuilder.php(1615): CodeIgniter\Database\BaseConnection->query('SELECT *
FROM `pengguna`
WHERE `pengguna`.`id_pengguna` = :pengguna.id_pengguna:', [...], false)
 2 SYSTEMPATH\Model.php(196): CodeIgniter\Database\BaseBuilder->get()
 3 SYSTEMPATH\BaseModel.php(563): CodeIgniter\Model->doFind(true, 'admin')
 4 APPPATH\Models\UserModel.php(13): CodeIgniter\BaseModel->find('admin')
 5 APPPATH\Controllers\User.php(22): App\Models\UserModel->getDataUser('admin')
 6 SYSTEMPATH\CodeIgniter.php(919): App\Controllers\User->login()
 7 SYSTEMPATH\CodeIgniter.php(494): CodeIgniter\CodeIgniter->runController(Object(App\Controllers\User))
 8 SYSTEMPATH\CodeIgniter.php(353): CodeIgniter\CodeIgniter->handleRequest(null, Object(Config\Cache), false)
 9 FCPATH\index.php(79): CodeIgniter\CodeIgniter->run()
INFO - 2023-12-03 04:26:51 --> Session: Class initialized using 'CodeIgniter\Session\Handlers\FileHandler' driver.
INFO - 2023-12-03 04:26:53 --> Session: Class initialized using 'CodeIgniter\Session\Handlers\FileHandler' driver.
INFO - 2023-12-03 04:27:07 --> Session: Class initialized using 'CodeIgniter\Session\Handlers\FileHandler' driver.
INFO - 2023-12-03 04:27:11 --> Session: Class initialized using 'CodeIgniter\Session\Handlers\FileHandler' driver.
INFO - 2023-12-03 04:27:14 --> Session: Class initialized using 'CodeIgniter\Session\Handlers\FileHandler' driver.
INFO - 2023-12-03 04:28:07 --> Session: Class initialized using 'CodeIgniter\Session\Handlers\FileHandler' driver.
INFO - 2023-12-03 04:28:21 --> Session: Class initialized using 'CodeIgniter\Session\Handlers\FileHandler' driver.
INFO - 2023-12-03 04:28:32 --> Session: Class initialized using 'CodeIgniter\Session\Handlers\FileHandler' driver.
INFO - 2023-12-03 04:28:34 --> Session: Class initialized using 'CodeIgniter\Session\Handlers\FileHandler' driver.
INFO - 2023-12-03 04:28:35 --> Session: Class initialized using 'CodeIgniter\Session\Handlers\FileHandler' driver.
INFO - 2023-12-03 04:29:17 --> Session: Class initialized using 'CodeIgniter\Session\Handlers\FileHandler' driver.
INFO - 2023-12-03 04:29:18 --> Session: Class initialized using 'CodeIgniter\Session\Handlers\FileHandler' driver.
INFO - 2023-12-03 04:29:19 --> Session: Class initialized using 'CodeIgniter\Session\Handlers\FileHandler' driver.
INFO - 2023-12-03 04:30:25 --> Session: Class initialized using 'CodeIgniter\Session\Handlers\FileHandler' driver.
INFO - 2023-12-03 04:52:09 --> Session: Class initialized using 'CodeIgniter\Session\Handlers\FileHandler' driver.
CRITICAL - 2023-12-03 04:52:13 --> foreach() argument must be of type array|object, null given
in APPPATH\Controllers\User.php on line 23.
 1 APPPATH\Controllers\User.php(23): CodeIgniter\Debug\Exceptions->errorHandler(2, 'foreach() argument must be of type array|object, null given', 'D:\\2023\\koprasi-mahasiswa\\app\\Controllers\\User.php', 23)
 2 SYSTEMPATH\CodeIgniter.php(919): App\Controllers\User->login()
 3 SYSTEMPATH\CodeIgniter.php(494): CodeIgniter\CodeIgniter->runController(Object(App\Controllers\User))
 4 SYSTEMPATH\CodeIgniter.php(353): CodeIgniter\CodeIgniter->handleRequest(null, Object(Config\Cache), false)
 5 FCPATH\index.php(79): CodeIgniter\CodeIgniter->run()
INFO - 2023-12-03 04:52:28 --> Session: Class initialized using 'CodeIgniter\Session\Handlers\FileHandler' driver.
CRITICAL - 2023-12-03 04:52:54 --> foreach() argument must be of type array|object, null given
in APPPATH\Controllers\User.php on line 24.
 1 APPPATH\Controllers\User.php(24): CodeIgniter\Debug\Exceptions->errorHandler(2, 'foreach() argument must be of type array|object, null given', 'D:\\2023\\koprasi-mahasiswa\\app\\Controllers\\User.php', 24)
 2 SYSTEMPATH\CodeIgniter.php(919): App\Controllers\User->login()
 3 SYSTEMPATH\CodeIgniter.php(494): CodeIgniter\CodeIgniter->runController(Object(App\Controllers\User))
 4 SYSTEMPATH\CodeIgniter.php(353): CodeIgniter\CodeIgniter->handleRequest(null, Object(Config\Cache), false)
 5 FCPATH\index.php(79): CodeIgniter\CodeIgniter->run()
INFO - 2023-12-03 04:54:32 --> Session: Class initialized using 'CodeIgniter\Session\Handlers\FileHandler' driver.
CRITICAL - 2023-12-03 04:54:35 --> foreach() argument must be of type array|object, null given
in APPPATH\Controllers\User.php on line 24.
 1 APPPATH\Controllers\User.php(24): CodeIgniter\Debug\Exceptions->errorHandler(2, 'foreach() argument must be of type array|object, null given', 'D:\\2023\\koprasi-mahasiswa\\app\\Controllers\\User.php', 24)
 2 SYSTEMPATH\CodeIgniter.php(919): App\Controllers\User->login()
 3 SYSTEMPATH\CodeIgniter.php(494): CodeIgniter\CodeIgniter->runController(Object(App\Controllers\User))
 4 SYSTEMPATH\CodeIgniter.php(353): CodeIgniter\CodeIgniter->handleRequest(null, Object(Config\Cache), false)
 5 FCPATH\index.php(79): CodeIgniter\CodeIgniter->run()
INFO - 2023-12-03 04:54:45 --> Session: Class initialized using 'CodeIgniter\Session\Handlers\FileHandler' driver.
CRITICAL - 2023-12-03 04:54:47 --> foreach() argument must be of type array|object, null given
in APPPATH\Controllers\User.php on line 24.
 1 APPPATH\Controllers\User.php(24): CodeIgniter\Debug\Exceptions->errorHandler(2, 'foreach() argument must be of type array|object, null given', 'D:\\2023\\koprasi-mahasiswa\\app\\Controllers\\User.php', 24)
 2 SYSTEMPATH\CodeIgniter.php(919): App\Controllers\User->login()
 3 SYSTEMPATH\CodeIgniter.php(494): CodeIgniter\CodeIgniter->runController(Object(App\Controllers\User))
 4 SYSTEMPATH\CodeIgniter.php(353): CodeIgniter\CodeIgniter->handleRequest(null, Object(Config\Cache), false)
 5 FCPATH\index.php(79): CodeIgniter\CodeIgniter->run()
INFO - 2023-12-03 04:54:50 --> Session: Class initialized using 'CodeIgniter\Session\Handlers\FileHandler' driver.
INFO - 2023-12-03 04:55:35 --> Session: Class initialized using 'CodeIgniter\Session\Handlers\FileHandler' driver.
CRITICAL - 2023-12-03 04:55:41 --> foreach() argument must be of type array|object, null given
in APPPATH\Controllers\User.php on line 24.
 1 APPPATH\Controllers\User.php(24): CodeIgniter\Debug\Exceptions->errorHandler(2, 'foreach() argument must be of type array|object, null given', 'D:\\2023\\koprasi-mahasiswa\\app\\Controllers\\User.php', 24)
 2 SYSTEMPATH\CodeIgniter.php(919): App\Controllers\User->login()
 3 SYSTEMPATH\CodeIgniter.php(494): CodeIgniter\CodeIgniter->runController(Object(App\Controllers\User))
 4 SYSTEMPATH\CodeIgniter.php(353): CodeIgniter\CodeIgniter->handleRequest(null, Object(Config\Cache), false)
 5 FCPATH\index.php(79): CodeIgniter\CodeIgniter->run()
INFO - 2023-12-03 04:56:55 --> Session: Class initialized using 'CodeIgniter\Session\Handlers\FileHandler' driver.
CRITICAL - 2023-12-03 04:56:59 --> foreach() argument must be of type array|object, null given
in APPPATH\Controllers\User.php on line 24.
 1 APPPATH\Controllers\User.php(24): CodeIgniter\Debug\Exceptions->errorHandler(2, 'foreach() argument must be of type array|object, null given', 'D:\\2023\\koprasi-mahasiswa\\app\\Controllers\\User.php', 24)
 2 SYSTEMPATH\CodeIgniter.php(919): App\Controllers\User->loginPost()
 3 SYSTEMPATH\CodeIgniter.php(494): CodeIgniter\CodeIgniter->runController(Object(App\Controllers\User))
 4 SYSTEMPATH\CodeIgniter.php(353): CodeIgniter\CodeIgniter->handleRequest(null, Object(Config\Cache), false)
 5 FCPATH\index.php(79): CodeIgniter\CodeIgniter->run()
INFO - 2023-12-03 04:58:54 --> Session: Class initialized using 'CodeIgniter\Session\Handlers\FileHandler' driver.
CRITICAL - 2023-12-03 04:58:59 --> foreach() argument must be of type array|object, null given
in APPPATH\Controllers\User.php on line 24.
 1 APPPATH\Controllers\User.php(24): CodeIgniter\Debug\Exceptions->errorHandler(2, 'foreach() argument must be of type array|object, null given', 'D:\\2023\\koprasi-mahasiswa\\app\\Controllers\\User.php', 24)
 2 SYSTEMPATH\CodeIgniter.php(919): App\Controllers\User->loginPost()
 3 SYSTEMPATH\CodeIgniter.php(494): CodeIgniter\CodeIgniter->runController(Object(App\Controllers\User))
 4 SYSTEMPATH\CodeIgniter.php(353): CodeIgniter\CodeIgniter->handleRequest(null, Object(Config\Cache), false)
 5 FCPATH\index.php(79): CodeIgniter\CodeIgniter->run()
INFO - 2023-12-03 05:00:15 --> Session: Class initialized using 'CodeIgniter\Session\Handlers\FileHandler' driver.
INFO - 2023-12-03 05:05:28 --> Session: Class initialized using 'CodeIgniter\Session\Handlers\FileHandler' driver.
CRITICAL - 2023-12-03 05:05:33 --> foreach() argument must be of type array|object, null given
in APPPATH\Controllers\User.php on line 26.
 1 APPPATH\Controllers\User.php(26): CodeIgniter\Debug\Exceptions->errorHandler(2, 'foreach() argument must be of type array|object, null given', 'D:\\2023\\koprasi-mahasiswa\\app\\Controllers\\User.php', 26)
 2 SYSTEMPATH\CodeIgniter.php(919): App\Controllers\User->loginPost()
 3 SYSTEMPATH\CodeIgniter.php(494): CodeIgniter\CodeIgniter->runController(Object(App\Controllers\User))
 4 SYSTEMPATH\CodeIgniter.php(353): CodeIgniter\CodeIgniter->handleRequest(null, Object(Config\Cache), false)
 5 FCPATH\index.php(79): CodeIgniter\CodeIgniter->run()
INFO - 2023-12-03 05:06:04 --> Session: Class initialized using 'CodeIgniter\Session\Handlers\FileHandler' driver.
INFO - 2023-12-03 05:06:12 --> Session: Class initialized using 'CodeIgniter\Session\Handlers\FileHandler' driver.
INFO - 2023-12-03 05:06:53 --> Session: Class initialized using 'CodeIgniter\Session\Handlers\FileHandler' driver.
CRITICAL - 2023-12-03 05:06:58 --> foreach() argument must be of type array|object, null given
in APPPATH\Controllers\User.php on line 25.
 1 APPPATH\Controllers\User.php(25): CodeIgniter\Debug\Exceptions->errorHandler(2, 'foreach() argument must be of type array|object, null given', 'D:\\2023\\koprasi-mahasiswa\\app\\Controllers\\User.php', 25)
 2 SYSTEMPATH\CodeIgniter.php(919): App\Controllers\User->loginPost()
 3 SYSTEMPATH\CodeIgniter.php(494): CodeIgniter\CodeIgniter->runController(Object(App\Controllers\User))
 4 SYSTEMPATH\CodeIgniter.php(353): CodeIgniter\CodeIgniter->handleRequest(null, Object(Config\Cache), false)
 5 FCPATH\index.php(79): CodeIgniter\CodeIgniter->run()
INFO - 2023-12-03 05:07:36 --> Session: Class initialized using 'CodeIgniter\Session\Handlers\FileHandler' driver.
INFO - 2023-12-03 05:08:00 --> Session: Class initialized using 'CodeIgniter\Session\Handlers\FileHandler' driver.
INFO - 2023-12-03 05:08:03 --> Session: Class initialized using 'CodeIgniter\Session\Handlers\FileHandler' driver.
INFO - 2023-12-03 05:08:45 --> Session: Class initialized using 'CodeIgniter\Session\Handlers\FileHandler' driver.
INFO - 2023-12-03 05:08:50 --> Session: Class initialized using 'CodeIgniter\Session\Handlers\FileHandler' driver.
INFO - 2023-12-03 05:09:10 --> Session: Class initialized using 'CodeIgniter\Session\Handlers\FileHandler' driver.
CRITICAL - 2023-12-03 05:10:40 --> unlink(D:\2023\koprasi-mahasiswa\writable\debugbar/debugbar_1701579972.496204.json): No such file or directory
in SYSTEMPATH\Debug\Toolbar\Collectors\History.php on line 78.
 1 [internal function]: CodeIgniter\Debug\Exceptions->errorHandler(2, 'unlink(D:\\2023\\koprasi-mahasiswa\\writable\\debugbar/debugbar_1701579972.496204.json): No such file or directory', 'D:\\2023\\koprasi-mahasiswa\\system\\Debug\\Toolbar\\Collectors\\History.php', 78)
 2 SYSTEMPATH\Debug\Toolbar\Collectors\History.php(78): unlink('D:\\2023\\koprasi-mahasiswa\\writable\\debugbar/debugbar_1701579972.496204.json')
 3 SYSTEMPATH\Debug\Toolbar.php(499): CodeIgniter\Debug\Toolbar\Collectors\History->setFiles('1701580239.652954', 20)
 4 SYSTEMPATH\Debug\Toolbar.php(476): CodeIgniter\Debug\Toolbar->format([...], 'html')
 5 APPPATH\Config\Events.php(47): CodeIgniter\Debug\Toolbar->respond()
 6 SYSTEMPATH\Events\Events.php(152): CodeIgniter\Events\Events::Config\{closure}()
 7 SYSTEMPATH\CodeIgniter.php(434): CodeIgniter\Events\Events::trigger('pre_system')
 8 SYSTEMPATH\CodeIgniter.php(353): CodeIgniter\CodeIgniter->handleRequest(null, Object(Config\Cache), false)
 9 FCPATH\index.php(79): CodeIgniter\CodeIgniter->run()
INFO - 2023-12-03 05:10:41 --> Session: Class initialized using 'CodeIgniter\Session\Handlers\FileHandler' driver.
INFO - 2023-12-03 05:12:14 --> Session: Class initialized using 'CodeIgniter\Session\Handlers\FileHandler' driver.
INFO - 2023-12-03 05:14:57 --> Session: Class initialized using 'CodeIgniter\Session\Handlers\FileHandler' driver.
INFO - 2023-12-03 05:15:19 --> Session: Class initialized using 'CodeIgniter\Session\Handlers\FileHandler' driver.
INFO - 2023-12-03 05:15:20 --> Session: Class initialized using 'CodeIgniter\Session\Handlers\FileHandler' driver.
CRITICAL - 2023-12-03 05:15:21 --> unlink(D:\2023\koprasi-mahasiswa\writable\debugbar/debugbar_1701580215.102067.json): No such file or directory
in SYSTEMPATH\Debug\Toolbar\Collectors\History.php on line 78.
 1 [internal function]: CodeIgniter\Debug\Exceptions->errorHandler(2, 'unlink(D:\\2023\\koprasi-mahasiswa\\writable\\debugbar/debugbar_1701580215.102067.json): No such file or directory', 'D:\\2023\\koprasi-mahasiswa\\system\\Debug\\Toolbar\\Collectors\\History.php', 78)
 2 SYSTEMPATH\Debug\Toolbar\Collectors\History.php(78): unlink('D:\\2023\\koprasi-mahasiswa\\writable\\debugbar/debugbar_1701580215.102067.json')
 3 SYSTEMPATH\Debug\Toolbar.php(499): CodeIgniter\Debug\Toolbar\Collectors\History->setFiles('1701580519.598560', 20)
 4 SYSTEMPATH\Debug\Toolbar.php(476): CodeIgniter\Debug\Toolbar->format([...], 'html')
 5 APPPATH\Config\Events.php(47): CodeIgniter\Debug\Toolbar->respond()
 6 SYSTEMPATH\Events\Events.php(152): CodeIgniter\Events\Events::Config\{closure}()
 7 SYSTEMPATH\CodeIgniter.php(434): CodeIgniter\Events\Events::trigger('pre_system')
 8 SYSTEMPATH\CodeIgniter.php(353): CodeIgniter\CodeIgniter->handleRequest(null, Object(Config\Cache), false)
 9 FCPATH\index.php(79): CodeIgniter\CodeIgniter->run()
INFO - 2023-12-03 05:15:23 --> Session: Class initialized using 'CodeIgniter\Session\Handlers\FileHandler' driver.
INFO - 2023-12-03 05:16:53 --> Session: Class initialized using 'CodeIgniter\Session\Handlers\FileHandler' driver.
INFO - 2023-12-03 05:16:55 --> Session: Class initialized using 'CodeIgniter\Session\Handlers\FileHandler' driver.
INFO - 2023-12-03 05:17:25 --> Session: Class initialized using 'CodeIgniter\Session\Handlers\FileHandler' driver.
INFO - 2023-12-03 05:17:26 --> Session: Class initialized using 'CodeIgniter\Session\Handlers\FileHandler' driver.
CRITICAL - 2023-12-03 05:17:27 --> unlink(D:\2023\koprasi-mahasiswa\writable\debugbar/debugbar_1701580263.547083.json): No such file or directory
in SYSTEMPATH\Debug\Toolbar\Collectors\History.php on line 78.
 1 [internal function]: CodeIgniter\Debug\Exceptions->errorHandler(2, 'unlink(D:\\2023\\koprasi-mahasiswa\\writable\\debugbar/debugbar_1701580263.547083.json): No such file or directory', 'D:\\2023\\koprasi-mahasiswa\\system\\Debug\\Toolbar\\Collectors\\History.php', 78)
 2 SYSTEMPATH\Debug\Toolbar\Collectors\History.php(78): unlink('D:\\2023\\koprasi-mahasiswa\\writable\\debugbar/debugbar_1701580263.547083.json')
 3 SYSTEMPATH\Debug\Toolbar.php(499): CodeIgniter\Debug\Toolbar\Collectors\History->setFiles('1701580646.460332', 20)
 4 SYSTEMPATH\Debug\Toolbar.php(476): CodeIgniter\Debug\Toolbar->format([...], 'html')
 5 APPPATH\Config\Events.php(47): CodeIgniter\Debug\Toolbar->respond()
 6 SYSTEMPATH\Events\Events.php(152): CodeIgniter\Events\Events::Config\{closure}()
 7 SYSTEMPATH\CodeIgniter.php(434): CodeIgniter\Events\Events::trigger('pre_system')
 8 SYSTEMPATH\CodeIgniter.php(353): CodeIgniter\CodeIgniter->handleRequest(null, Object(Config\Cache), false)
 9 FCPATH\index.php(79): CodeIgniter\CodeIgniter->run()
INFO - 2023-12-03 05:18:25 --> Session: Class initialized using 'CodeIgniter\Session\Handlers\FileHandler' driver.
INFO - 2023-12-03 05:19:02 --> Session: Class initialized using 'CodeIgniter\Session\Handlers\FileHandler' driver.
INFO - 2023-12-03 05:19:40 --> Session: Class initialized using 'CodeIgniter\Session\Handlers\FileHandler' driver.
INFO - 2023-12-03 05:20:18 --> Session: Class initialized using 'CodeIgniter\Session\Handlers\FileHandler' driver.
INFO - 2023-12-03 05:20:21 --> Session: Class initialized using 'CodeIgniter\Session\Handlers\FileHandler' driver.
INFO - 2023-12-03 05:20:23 --> Session: Class initialized using 'CodeIgniter\Session\Handlers\FileHandler' driver.
INFO - 2023-12-03 05:21:06 --> Session: Class initialized using 'CodeIgniter\Session\Handlers\FileHandler' driver.
INFO - 2023-12-03 05:21:16 --> Session: Class initialized using 'CodeIgniter\Session\Handlers\FileHandler' driver.
INFO - 2023-12-03 05:21:29 --> Session: Class initialized using 'CodeIgniter\Session\Handlers\FileHandler' driver.
INFO - 2023-12-03 05:25:44 --> Session: Class initialized using 'CodeIgniter\Session\Handlers\FileHandler' driver.
INFO - 2023-12-03 05:25:47 --> Session: Class initialized using 'CodeIgniter\Session\Handlers\FileHandler' driver.
INFO - 2023-12-03 05:28:47 --> Session: Class initialized using 'CodeIgniter\Session\Handlers\FileHandler' driver.
INFO - 2023-12-03 05:29:09 --> Session: Class initialized using 'CodeIgniter\Session\Handlers\FileHandler' driver.
INFO - 2023-12-03 05:29:10 --> Session: Class initialized using 'CodeIgniter\Session\Handlers\FileHandler' driver.
INFO - 2023-12-03 05:29:13 --> Session: Class initialized using 'CodeIgniter\Session\Handlers\FileHandler' driver.
INFO - 2023-12-03 05:29:24 --> Session: Class initialized using 'CodeIgniter\Session\Handlers\FileHandler' driver.
INFO - 2023-12-03 05:29:37 --> Session: Class initialized using 'CodeIgniter\Session\Handlers\FileHandler' driver.
INFO - 2023-12-03 05:29:42 --> Session: Class initialized using 'CodeIgniter\Session\Handlers\FileHandler' driver.
INFO - 2023-12-03 05:29:55 --> Session: Class initialized using 'CodeIgniter\Session\Handlers\FileHandler' driver.
