CRITICAL - 2023-10-26 06:14:29 --> unlink(D:\2023\latihanci4_YonArifin\writable\debugbar/debugbar_1697989664.620678.json): No such file or directory
in SYSTEMPATH\Debug\Toolbar\Collectors\History.php on line 78.
 1 [internal function]: CodeIgniter\Debug\Exceptions->errorHandler(2, 'unlink(D:\\2023\\latihanci4_YonArifin\\writable\\debugbar/debugbar_1697989664.620678.json): No such file or directory', 'D:\\2023\\latihanci4_YonArifin\\system\\Debug\\Toolbar\\Collectors\\History.php', 78)
 2 SYSTEMPATH\Debug\Toolbar\Collectors\History.php(78): unlink('D:\\2023\\latihanci4_YonArifin\\writable\\debugbar/debugbar_1697989664.620678.json')
 3 SYSTEMPATH\Debug\Toolbar.php(499): CodeIgniter\Debug\Toolbar\Collectors\History->setFiles('1698300810.165903', 20)
 4 SYSTEMPATH\Debug\Toolbar.php(476): CodeIgniter\Debug\Toolbar->format([...], 'html')
 5 APPPATH\Config\Events.php(47): CodeIgniter\Debug\Toolbar->respond()
 6 SYSTEMPATH\Events\Events.php(152): CodeIgniter\Events\Events::Config\{closure}()
 7 SYSTEMPATH\CodeIgniter.php(434): CodeIgniter\Events\Events::trigger('pre_system')
 8 SYSTEMPATH\CodeIgniter.php(353): CodeIgniter\CodeIgniter->handleRequest(null, Object(Config\Cache), false)
 9 FCPATH\index.php(79): CodeIgniter\CodeIgniter->run()
CRITICAL - 2023-10-26 06:14:29 --> file_get_contents(D:\2023\latihanci4_YonArifin\writable\debugbar/debugbar_1697989664.620678.json): Failed to open stream: No such file or directory
in SYSTEMPATH\Debug\Toolbar\Collectors\History.php on line 84.
 1 [internal function]: CodeIgniter\Debug\Exceptions->errorHandler(2, 'file_get_contents(D:\\2023\\latihanci4_YonArifin\\writable\\debugbar/debugbar_1697989664.620678.json): Failed to open stream: No such file or directory', 'D:\\2023\\latihanci4_YonArifin\\system\\Debug\\Toolbar\\Collectors\\History.php', 84)
 2 SYSTEMPATH\Debug\Toolbar\Collectors\History.php(84): file_get_contents('D:\\2023\\latihanci4_YonArifin\\writable\\debugbar/debugbar_1697989664.620678.json')
 3 SYSTEMPATH\Debug\Toolbar.php(499): CodeIgniter\Debug\Toolbar\Collectors\History->setFiles('1698300819.422739', 20)
 4 SYSTEMPATH\Debug\Toolbar.php(476): CodeIgniter\Debug\Toolbar->format([...], 'html')
 5 APPPATH\Config\Events.php(47): CodeIgniter\Debug\Toolbar->respond()
 6 SYSTEMPATH\Events\Events.php(152): CodeIgniter\Events\Events::Config\{closure}()
 7 SYSTEMPATH\CodeIgniter.php(434): CodeIgniter\Events\Events::trigger('pre_system')
 8 SYSTEMPATH\CodeIgniter.php(353): CodeIgniter\CodeIgniter->handleRequest(null, Object(Config\Cache), false)
 9 FCPATH\index.php(79): CodeIgniter\CodeIgniter->run()
CRITICAL - 2023-10-26 06:14:29 --> unlink(D:\2023\latihanci4_YonArifin\writable\debugbar/debugbar_1697989664.620678.json): No such file or directory
in SYSTEMPATH\Debug\Toolbar\Collectors\History.php on line 78.
 1 [internal function]: CodeIgniter\Debug\Exceptions->errorHandler(2, 'unlink(D:\\2023\\latihanci4_YonArifin\\writable\\debugbar/debugbar_1697989664.620678.json): No such file or directory', 'D:\\2023\\latihanci4_YonArifin\\system\\Debug\\Toolbar\\Collectors\\History.php', 78)
 2 SYSTEMPATH\Debug\Toolbar\Collectors\History.php(78): unlink('D:\\2023\\latihanci4_YonArifin\\writable\\debugbar/debugbar_1697989664.620678.json')
 3 SYSTEMPATH\Debug\Toolbar.php(499): CodeIgniter\Debug\Toolbar\Collectors\History->setFiles('1698300827.255644', 20)
 4 SYSTEMPATH\Debug\Toolbar.php(476): CodeIgniter\Debug\Toolbar->format([...], 'html')
 5 APPPATH\Config\Events.php(47): CodeIgniter\Debug\Toolbar->respond()
 6 SYSTEMPATH\Events\Events.php(152): CodeIgniter\Events\Events::Config\{closure}()
 7 SYSTEMPATH\CodeIgniter.php(434): CodeIgniter\Events\Events::trigger('pre_system')
 8 SYSTEMPATH\CodeIgniter.php(353): CodeIgniter\CodeIgniter->handleRequest(null, Object(Config\Cache), false)
 9 FCPATH\index.php(79): CodeIgniter\CodeIgniter->run()
CRITICAL - 2023-10-26 06:16:29 --> unlink(D:\2023\latihanci4_YonArifin\writable\debugbar/debugbar_1697989668.435241.json): No such file or directory
in SYSTEMPATH\Debug\Toolbar\Collectors\History.php on line 78.
 1 [internal function]: CodeIgniter\Debug\Exceptions->errorHandler(2, 'unlink(D:\\2023\\latihanci4_YonArifin\\writable\\debugbar/debugbar_1697989668.435241.json): No such file or directory', 'D:\\2023\\latihanci4_YonArifin\\system\\Debug\\Toolbar\\Collectors\\History.php', 78)
 2 SYSTEMPATH\Debug\Toolbar\Collectors\History.php(78): unlink('D:\\2023\\latihanci4_YonArifin\\writable\\debugbar/debugbar_1697989668.435241.json')
 3 SYSTEMPATH\Debug\Toolbar.php(499): CodeIgniter\Debug\Toolbar\Collectors\History->setFiles('1698300988.859115', 20)
 4 SYSTEMPATH\Debug\Toolbar.php(476): CodeIgniter\Debug\Toolbar->format([...], 'html')
 5 APPPATH\Config\Events.php(47): CodeIgniter\Debug\Toolbar->respond()
 6 SYSTEMPATH\Events\Events.php(152): CodeIgniter\Events\Events::Config\{closure}()
 7 SYSTEMPATH\CodeIgniter.php(434): CodeIgniter\Events\Events::trigger('pre_system')
 8 SYSTEMPATH\CodeIgniter.php(353): CodeIgniter\CodeIgniter->handleRequest(null, Object(Config\Cache), false)
 9 FCPATH\index.php(79): CodeIgniter\CodeIgniter->run()
CRITICAL - 2023-10-26 15:48:05 --> unlink(D:\2023\latihanci4_YonArifin\writable\debugbar/debugbar_1698323471.414611.json): No such file or directory
in SYSTEMPATH\Debug\Toolbar\Collectors\History.php on line 78.
 1 [internal function]: CodeIgniter\Debug\Exceptions->errorHandler(2, 'unlink(D:\\2023\\latihanci4_YonArifin\\writable\\debugbar/debugbar_1698323471.414611.json): No such file or directory', 'D:\\2023\\latihanci4_YonArifin\\system\\Debug\\Toolbar\\Collectors\\History.php', 78)
 2 SYSTEMPATH\Debug\Toolbar\Collectors\History.php(78): unlink('D:\\2023\\latihanci4_YonArifin\\writable\\debugbar/debugbar_1698323471.414611.json')
 3 SYSTEMPATH\Debug\Toolbar.php(499): CodeIgniter\Debug\Toolbar\Collectors\History->setFiles('1698335283.614693', 20)
 4 SYSTEMPATH\Debug\Toolbar.php(476): CodeIgniter\Debug\Toolbar->format([...], 'html')
 5 APPPATH\Config\Events.php(47): CodeIgniter\Debug\Toolbar->respond()
 6 SYSTEMPATH\Events\Events.php(152): CodeIgniter\Events\Events::Config\{closure}()
 7 SYSTEMPATH\CodeIgniter.php(434): CodeIgniter\Events\Events::trigger('pre_system')
 8 SYSTEMPATH\CodeIgniter.php(353): CodeIgniter\CodeIgniter->handleRequest(null, Object(Config\Cache), false)
 9 FCPATH\index.php(79): CodeIgniter\CodeIgniter->run()
CRITICAL - 2023-10-26 15:54:19 --> unlink(D:\2023\latihanci4_YonArifin\writable\debugbar/debugbar_1698334476.987634.json): No such file or directory
in SYSTEMPATH\Debug\Toolbar\Collectors\History.php on line 78.
 1 [internal function]: CodeIgniter\Debug\Exceptions->errorHandler(2, 'unlink(D:\\2023\\latihanci4_YonArifin\\writable\\debugbar/debugbar_1698334476.987634.json): No such file or directory', 'D:\\2023\\latihanci4_YonArifin\\system\\Debug\\Toolbar\\Collectors\\History.php', 78)
 2 SYSTEMPATH\Debug\Toolbar\Collectors\History.php(78): unlink('D:\\2023\\latihanci4_YonArifin\\writable\\debugbar/debugbar_1698334476.987634.json')
 3 SYSTEMPATH\Debug\Toolbar.php(499): CodeIgniter\Debug\Toolbar\Collectors\History->setFiles('1698335655.958382', 20)
 4 SYSTEMPATH\Debug\Toolbar.php(476): CodeIgniter\Debug\Toolbar->format([...], 'html')
 5 APPPATH\Config\Events.php(47): CodeIgniter\Debug\Toolbar->respond()
 6 SYSTEMPATH\Events\Events.php(152): CodeIgniter\Events\Events::Config\{closure}()
 7 SYSTEMPATH\CodeIgniter.php(434): CodeIgniter\Events\Events::trigger('pre_system')
 8 SYSTEMPATH\CodeIgniter.php(353): CodeIgniter\CodeIgniter->handleRequest(null, Object(Config\Cache), false)
 9 FCPATH\index.php(79): CodeIgniter\CodeIgniter->run()
CRITICAL - 2023-10-26 16:58:42 --> unlink(D:\2023\latihanci4_YonArifin\writable\debugbar/debugbar_1698338430.659607.json): No such file or directory
in SYSTEMPATH\Debug\Toolbar\Collectors\History.php on line 78.
 1 [internal function]: CodeIgniter\Debug\Exceptions->errorHandler(2, 'unlink(D:\\2023\\latihanci4_YonArifin\\writable\\debugbar/debugbar_1698338430.659607.json): No such file or directory', 'D:\\2023\\latihanci4_YonArifin\\system\\Debug\\Toolbar\\Collectors\\History.php', 78)
 2 SYSTEMPATH\Debug\Toolbar\Collectors\History.php(78): unlink('D:\\2023\\latihanci4_YonArifin\\writable\\debugbar/debugbar_1698338430.659607.json')
 3 SYSTEMPATH\Debug\Toolbar.php(499): CodeIgniter\Debug\Toolbar\Collectors\History->setFiles('1698339518.074797', 20)
 4 SYSTEMPATH\Debug\Toolbar.php(476): CodeIgniter\Debug\Toolbar->format([...], 'html')
 5 APPPATH\Config\Events.php(47): CodeIgniter\Debug\Toolbar->respond()
 6 SYSTEMPATH\Events\Events.php(152): CodeIgniter\Events\Events::Config\{closure}()
 7 SYSTEMPATH\CodeIgniter.php(434): CodeIgniter\Events\Events::trigger('pre_system')
 8 SYSTEMPATH\CodeIgniter.php(353): CodeIgniter\CodeIgniter->handleRequest(null, Object(Config\Cache), false)
 9 FCPATH\index.php(79): CodeIgniter\CodeIgniter->run()
ERROR - 2023-10-26 17:26:31 --> mysqli_sql_exception: Duplicate entry 'a' for key 'PRIMARY' in D:\2023\latihanci4_YonArifin\system\Database\MySQLi\Connection.php:306
Stack trace:
#0 D:\2023\latihanci4_YonArifin\system\Database\MySQLi\Connection.php(306): mysqli->query('INSERT INTO `tb...', 0)
#1 D:\2023\latihanci4_YonArifin\system\Database\BaseConnection.php(692): CodeIgniter\Database\MySQLi\Connection->execute('INSERT INTO `tb...')
#2 D:\2023\latihanci4_YonArifin\system\Database\BaseConnection.php(606): CodeIgniter\Database\BaseConnection->simpleQuery('INSERT INTO `tb...')
#3 D:\2023\latihanci4_YonArifin\system\Database\BaseBuilder.php(2308): CodeIgniter\Database\BaseConnection->query('INSERT INTO `tb...', Array, false)
#4 D:\2023\latihanci4_YonArifin\app\Models\Matakuliah_model.php(21): CodeIgniter\Database\BaseBuilder->insert(Array)
#5 D:\2023\latihanci4_YonArifin\app\Controllers\Matakuliah.php(28): App\Models\Matakuliah_model->add_data(Array)
#6 D:\2023\latihanci4_YonArifin\system\CodeIgniter.php(919): App\Controllers\Matakuliah->add()
#7 D:\2023\latihanci4_YonArifin\system\CodeIgniter.php(494): CodeIgniter\CodeIgniter->runController(Object(App\Controllers\Matakuliah))
#8 D:\2023\latihanci4_YonArifin\system\CodeIgniter.php(353): CodeIgniter\CodeIgniter->handleRequest(NULL, Object(Config\Cache), false)
#9 D:\2023\latihanci4_YonArifin\public\index.php(79): CodeIgniter\CodeIgniter->run()
#10 {main}
CRITICAL - 2023-10-26 17:26:31 --> Duplicate entry 'a' for key 'PRIMARY'
in SYSTEMPATH\Database\BaseConnection.php on line 646.
 1 SYSTEMPATH\Database\BaseBuilder.php(2308): CodeIgniter\Database\BaseConnection->query('INSERT INTO `tbl_matakuliah` (`kode_matakuliah`, `nama_matakuliah`, `sks`, `ruangan`) VALUES (:kode_matakuliah:, :nama_matakuliah:, :sks:, :ruangan:)', [...], false)
 2 APPPATH\Models\Matakuliah_model.php(21): CodeIgniter\Database\BaseBuilder->insert([...])
 3 APPPATH\Controllers\Matakuliah.php(28): App\Models\Matakuliah_model->add_data([...])
 4 SYSTEMPATH\CodeIgniter.php(919): App\Controllers\Matakuliah->add()
 5 SYSTEMPATH\CodeIgniter.php(494): CodeIgniter\CodeIgniter->runController(Object(App\Controllers\Matakuliah))
 6 SYSTEMPATH\CodeIgniter.php(353): CodeIgniter\CodeIgniter->handleRequest(null, Object(Config\Cache), false)
 7 FCPATH\index.php(79): CodeIgniter\CodeIgniter->run()
CRITICAL - 2023-10-26 17:34:02 --> Undefined variable $keterangan
in APPPATH\Views\template.php on line 11.
 1 APPPATH\Views\template.php(11): CodeIgniter\Debug\Exceptions->errorHandler(2, 'Undefined variable $keterangan', 'D:\\2023\\latihanci4_YonArifin\\app\\Views\\template.php', 11)
 2 SYSTEMPATH\View\View.php(226): include('D:\\2023\\latihanci4_YonArifin\\app\\Views\\template.php')
 3 SYSTEMPATH\View\View.php(229): CodeIgniter\View\View->CodeIgniter\View\{closure}()
 4 SYSTEMPATH\View\View.php(242): CodeIgniter\View\View->render('template', [], true)
 5 SYSTEMPATH\Common.php(1188): CodeIgniter\View\View->render('mahasiswa/add_data', [], true)
 6 APPPATH\Controllers\Mahasiswa.php(52): view('mahasiswa/add_data', [...])
 7 SYSTEMPATH\CodeIgniter.php(919): App\Controllers\Mahasiswa->add()
 8 SYSTEMPATH\CodeIgniter.php(494): CodeIgniter\CodeIgniter->runController(Object(App\Controllers\Mahasiswa))
 9 SYSTEMPATH\CodeIgniter.php(353): CodeIgniter\CodeIgniter->handleRequest(null, Object(Config\Cache), false)
10 FCPATH\index.php(79): CodeIgniter\CodeIgniter->run()
CRITICAL - 2023-10-26 17:34:33 --> Undefined variable $keterangan
in APPPATH\Views\template.php on line 36.
 1 APPPATH\Views\template.php(36): CodeIgniter\Debug\Exceptions->errorHandler(2, 'Undefined variable $keterangan', 'D:\\2023\\latihanci4_YonArifin\\app\\Views\\template.php', 36)
 2 SYSTEMPATH\View\View.php(226): include('D:\\2023\\latihanci4_YonArifin\\app\\Views\\template.php')
 3 SYSTEMPATH\View\View.php(229): CodeIgniter\View\View->CodeIgniter\View\{closure}()
 4 SYSTEMPATH\View\View.php(242): CodeIgniter\View\View->render('template', [], true)
 5 SYSTEMPATH\Common.php(1188): CodeIgniter\View\View->render('mahasiswa/add_data', [], true)
 6 APPPATH\Controllers\Mahasiswa.php(52): view('mahasiswa/add_data', [...])
 7 SYSTEMPATH\CodeIgniter.php(919): App\Controllers\Mahasiswa->add()
 8 SYSTEMPATH\CodeIgniter.php(494): CodeIgniter\CodeIgniter->runController(Object(App\Controllers\Mahasiswa))
 9 SYSTEMPATH\CodeIgniter.php(353): CodeIgniter\CodeIgniter->handleRequest(null, Object(Config\Cache), false)
10 FCPATH\index.php(79): CodeIgniter\CodeIgniter->run()
CRITICAL - 2023-10-26 17:34:52 --> Undefined variable $keterangan
in APPPATH\Views\template.php on line 38.
 1 APPPATH\Views\template.php(38): CodeIgniter\Debug\Exceptions->errorHandler(2, 'Undefined variable $keterangan', 'D:\\2023\\latihanci4_YonArifin\\app\\Views\\template.php', 38)
 2 SYSTEMPATH\View\View.php(226): include('D:\\2023\\latihanci4_YonArifin\\app\\Views\\template.php')
 3 SYSTEMPATH\View\View.php(229): CodeIgniter\View\View->CodeIgniter\View\{closure}()
 4 SYSTEMPATH\View\View.php(242): CodeIgniter\View\View->render('template', [], true)
 5 SYSTEMPATH\Common.php(1188): CodeIgniter\View\View->render('mahasiswa/add_data', [], true)
 6 APPPATH\Controllers\Mahasiswa.php(52): view('mahasiswa/add_data', [...])
 7 SYSTEMPATH\CodeIgniter.php(919): App\Controllers\Mahasiswa->add()
 8 SYSTEMPATH\CodeIgniter.php(494): CodeIgniter\CodeIgniter->runController(Object(App\Controllers\Mahasiswa))
 9 SYSTEMPATH\CodeIgniter.php(353): CodeIgniter\CodeIgniter->handleRequest(null, Object(Config\Cache), false)
10 FCPATH\index.php(79): CodeIgniter\CodeIgniter->run()
CRITICAL - 2023-10-26 17:40:39 --> unlink(D:\2023\latihanci4_YonArifin\writable\debugbar/debugbar_1698341612.993723.json): No such file or directory
in SYSTEMPATH\Debug\Toolbar\Collectors\History.php on line 78.
 1 [internal function]: CodeIgniter\Debug\Exceptions->errorHandler(2, 'unlink(D:\\2023\\latihanci4_YonArifin\\writable\\debugbar/debugbar_1698341612.993723.json): No such file or directory', 'D:\\2023\\latihanci4_YonArifin\\system\\Debug\\Toolbar\\Collectors\\History.php', 78)
 2 SYSTEMPATH\Debug\Toolbar\Collectors\History.php(78): unlink('D:\\2023\\latihanci4_YonArifin\\writable\\debugbar/debugbar_1698341612.993723.json')
 3 SYSTEMPATH\Debug\Toolbar.php(499): CodeIgniter\Debug\Toolbar\Collectors\History->setFiles('1698342037.692751', 20)
 4 SYSTEMPATH\Debug\Toolbar.php(476): CodeIgniter\Debug\Toolbar->format([...], 'html')
 5 APPPATH\Config\Events.php(47): CodeIgniter\Debug\Toolbar->respond()
 6 SYSTEMPATH\Events\Events.php(152): CodeIgniter\Events\Events::Config\{closure}()
 7 SYSTEMPATH\CodeIgniter.php(434): CodeIgniter\Events\Events::trigger('pre_system')
 8 SYSTEMPATH\CodeIgniter.php(353): CodeIgniter\CodeIgniter->handleRequest(null, Object(Config\Cache), false)
 9 FCPATH\index.php(79): CodeIgniter\CodeIgniter->run()
